Unity Player [version: Unity 4.6.1f1_d1db7a1b5196]

OVRDisplay32.dll caused an Access Violation (0xc0000005)
  in module OVRDisplay32.dll at 0023:50595750.

Error occurred at 2015-01-18_084840.
C:\Users\Nikhil Khanna\Documents\GitHub\VRHandStrokeTherapy\LeapMotionVRAssets_Free\test.exe, run by Nikhil Khanna.
41% memory in use.
0 MB physical memory [0 MB free].
0 MB paging file [0 MB free].
0 MB user address space [3806 MB free].
Read from location 00740014 caused an access violation.

Context:
EDI:    0x00000000  ESI: 0x01cb1480  EAX:   0x01cb1580
EBX:    0x080aa0d4  ECX: 0x01cb1480  EDX:   0x00740000
EIP:    0x50595750  EBP: 0x00c9f890  SegCs: 0x00000023
EFlags: 0x00010246  ESP: 0x00c9f888  SegSs: 0x0000002b

Bytes at CS:EIP:
8b 52 14 39 50 10 73 05 8b 40 08 eb 04 8b c8 8b 

Stack:
0x00c9f888: 01c90c88 080b8598 00c9f8cc 665c88bd ..............\f
0x00c9f898: 01cb1300 1259e1ba 080d59e4 00000000 ......Y..Y......
0x00c9f8a8: 000207b6 01c90c88 01c805d0 01cb4c3c ............<L..
0x00c9f8b8: 01cb4c3c 1259e1ba 00c9f9a8 665cd9ba <L....Y.......\f
0x00c9f8c8: 00000004 00c9f9b4 665c4d7e 01c805d0 ........~M\f....
0x00c9f8d8: 080e5d90 080aa0d4 000207b6 01cb4f84 .]...........O..
0x00c9f8e8: 1259e0c2 00c9fa88 00c9fab8 01c97430 ..Y.........0t..
0x00c9f8f8: 00000000 00000000 01c97430 00000000 ........0t......
0x00c9f908: 00000000 00c9fa20 00c9f95c 01c90c88 .... ...\.......
0x00c9f918: 01cb4c3c 01c805d0 01cb4c3c 759a9164 <L......<L..d..u
0x00c9f928: 017887e0 080e5d90 080aa6f4 080e5d90 ..x..].......]..
0x00c9f938: 080aa0d4 01cb4f84 00000780 00000438 .....O......8...
0x00c9f948: 00000000 00000001 0000001c 00000000 ................
0x00c9f958: 00000000 00000001 00000000 00000020 ............ ...
0x00c9f968: 00000002 000207b6 00000001 00000001 ................
0x00c9f978: 00000002 00000780 00000438 0000001c ........8.......
0x00c9f988: 00000001 00000000 080ba898 00000000 ................
0x00c9f998: 00000000 00000000 00000000 1259e0c2 ..............Y.
0x00c9f9a8: 00c9fefc 665cd817 00000001 00c9fa60 ......\f....`...
0x00c9f9b8: 665c50a4 01c805d0 01cb4f84 00c9fa20 .P\f.....O.. ...
0x00c9f9c8: 017887e0 00000001 000207b6 00000000 ..x.............
0x00c9f9d8: 00000780 00000438 00000000 00000001 ....8...........
0x00c9f9e8: 0000001c 00000000 00000000 00000001 ................
0x00c9f9f8: 00000000 00000020 00000001 000207b6 .... ...........
0x00c9fa08: 00000001 00000000 00000002 01c805d0 ................
0x00c9fa18: 017887e0 01cb4f84 00000780 00000438 ..x..O......8...
0x00c9fa28: 00000000 00000001 0000001c 00000000 ................
0x00c9fa38: 00000000 00000001 00000000 00000020 ............ ...
0x00c9fa48: 00000001 000207b6 00000001 00000000 ................
0x00c9fa58: 00000002 1259e316 00c9facc 01161f0d ......Y.........
0x00c9fa68: 01c805d0 01cb4f84 000207b6 00c9fa88 .....O..........
0x00c9fa78: 00c9fab8 00000000 017887e0 00000000 ..........x.....
0x00c9fa88: 00000780 00000438 0000001c 00000000 ....8...........
0x00c9fa98: 00000001 00000000 00000030 00000001 ........0.......
0x00c9faa8: 00000000 00000000 00000000 00000002 ................
0x00c9fab8: 00000000 00000001 00000000 00000000 ................
0x00c9fac8: 00000001 00c9fb1c 01162a18 00000780 .........*......
0x00c9fad8: 00000438 0000001c 00000000 00000002 8...............
0x00c9fae8: 000207b6 00000001 039bf900 00000780 ................
0x00c9faf8: 0399b4e4 00000438 00000000 00000006 ....8...........
0x00c9fb08: 00000001 00000000 00f45af0 77bf8d30 .........Z..0..w
0x00c9fb18: 00000000 00c9fc48 00d82660 04f39e24 ....H...`&..$...
0x00c9fb28: 000207b6 00000780 00000438 00000780 ........8.......
0x00c9fb38: 00000438 00000000 039bf901 039bf900 8...............
0x00c9fb48: 00000001 00000000 00000001 00c9fcbc ................
0x00c9fb58: 00c9fcc0 00c9fcc8 0399b4ac 04f384a0 ................
0x00c9fb68: 00000438 00000000 00000298 00000001 8...............
0x00c9fb78: 77c13e3d 00c9fbd8 0118c5b3 757372e4 =>.w.........rsu
0x00c9fb88: 77c13d90 00000000 039c1184 00000000 .=.w............
0x00c9fb98: 00000000 00000000 039c11b4 00000001 ................
0x00c9fba8: 00000000 ffffffff 77c151c1 01c70000 .........Q.w....
0x00c9fbb8: 00000000 0809ec68 00c9fbd0 77c1516a ....h.......jQ.w
0x00c9fbc8: 00022f14 00022ef4 00022ef0 00000001 ./..............
0x00c9fbd8: 77c0a53c 03bca0ae 00c9fc48 7727de79 <..w....H...y.'w
0x00c9fbe8: 77241136 035faeec 757372e4 039c0e5c 6.$w.._..rsu\...
0x00c9fbf8: 00000438 00000024 00000001 00000000 8...$...........
0x00c9fc08: 00000000 00000000 00000780 00000438 ............8...
0x00c9fc18: 7727de00 7727de79 00000000 00000001 ..'wy.'w........
0x00c9fc28: 00000001 00000000 00000000 00c9fc60 ............`...
0x00c9fc38: 00000000 7725d285 00000000 fffffffe ......%w........
0x00c9fc48: 00c9fcd0 00f41329 00000002 00000780 ....)...........
0x00c9fc58: 00000438 00000000 00000000 039bf900 8...............
0x00c9fc68: 00000000 00c9fcb8 00c9fcbc 00c9fcc0 ................
0x00c9fc78: 00c9fcc8 00000438 00000780 00000000 ....8...........
0x00c9fc88: 039db700 039db704 0177ad50 0177ae10 ........P.w...w.
0x00c9fc98: 00c9fcb0 00d55416 039db704 039db704 .....T..........
0x00c9fca8: 0177a490 0177ae10 00c9fcc8 00000002 ..w...w.........
0x00c9fcb8: 00000004 00000004 00000004 039bf900 ................
0x00c9fcc8: 00000000 00d51ee7 00c9fd4c 00ed0155 ........L...U...
0x00c9fcd8: 00000780 00000438 00000000 00000000 ....8...........
0x00c9fce8: 00000010 00000000 00000001 00000000 ................
0x00c9fcf8: 0b5e2da0 00000000 00000000 00000000 .-^.............
0x00c9fd08: 00000000 00000000 039db704 00000000 ................
0x00c9fd18: 00000000 00000000 00000020 0000002f ........ .../...
0x00c9fd28: 00000000 00000000 00000000 00000000 ................
0x00c9fd38: 00000438 00000780 00000000 00000000 8...............
0x00c9fd48: 00000001 00c9fe64 00f47ac5 00000000 ....d....z......
0x00c9fd58: 00000000 feff4000 03994a8c 00d12338 .....@...J..8#..
0x00c9fd68: 016d8af0 7fffffff 00000053 0000005f ..m.....S..._...
0x00c9fd78: 00d12338 03995400 0000000f 0000000f 8#...T..........
0x00c9fd88: 7fffffff 00000000 0000000f 00d11890 ................
0x00c9fd98: 6f6e6f00 6374652f 00c9fd00 01206c99 .ono/etc.....l .
0x00c9fda8: 00000000 0000000f 0000000f 039953f0 .............S..
0x00c9fdb8: 03995428 03995428 01757158 03994a20 (T..(T..Xqu. J..
0x00c9fdc8: 00d105a8 00c9fd00 00c9fe00 0000005d ............]...
0x00c9fdd8: 0000005f 016d8af0 03886918 03994b74 _.....m..i..tK..
0x00c9fde8: 00000004 00c9fd24 77c0a68c 0000006c ....$......wl...
0x00c9fdf8: 0000006f 49656e69 03995400 00000000 o...ineI.T......
0x00c9fe08: 00000000 015b2ea8 00000000 0000000f ......[.........
0x00c9fe18: 00c9fe48 00000000 616e614d 00646567 H.......Managed.
0x00c9fe28: 011f4e3b 00000000 00000007 0000000f ;N..............
0x00c9fe38: 011f4e48 03886918 039db600 6e6f6d2f HN...i....../mon
0x00c9fe48: 6c642e6f 0100006c 00000000 0000000f o.dll...........
0x00c9fe58: 00d11890 00000000 00000000 00c9fe7c ............|...
0x00c9fe68: 011bca78 00d50000 00000000 01c7380d x............8..
0x00c9fe78: 0000000a 00c9ff0c 011f1970 00d50000 ........p.......
0x00c9fe88: 00000000 01c7380d 0000000a cbcbb5f5 .....8..........
0x00c9fe98: 00000000 00000000 feff4000 00000044 .........@..D...
0x00c9fea8: 01c71da4 01c71d84 01c71d72 00000000 ........r.......
0x00c9feb8: 00000000 00000000 00000000 00000000 ................
0x00c9fec8: 00000000 00000000 00000000 00000000 ................
0x00c9fed8: 00000000 00c9ff08 00c9ff08 01202cc4 ............., .
0x00c9fee8: c0000005 00000000 00000000 00c9fe94 ................
0x00c9fef8: 00c9f2b4 00c9ff4c 011f3750 ca767d09 ....L...P7...}v.
0x00c9ff08: 00000000 00c9ff18 7572919f feff4000 ..........ru.@..
0x00c9ff18: 00c9ff5c 77c20bbb feff4000 03bca48e \......w.@......
0x00c9ff28: 00000000 00000000 feff4000 c0000005 .........@......
0x00c9ff38: 00000000 00c9f298 772f9cab 00c9ff24 ........../w$...
0x00c9ff48: 00c9f298 00c9ff64 77c627e1 74b7501a ....d....'.w.P.t
0x00c9ff58: 00000000 00c9ff6c 77c20b91 ffffffff ....l......w....
0x00c9ff68: 77c0c9d6 00000000 00000000 011f19c3 ...w............
0x00c9ff78: feff4000 00000000 00000000 00000000 .@..............
0x00c9ff88: 00000000 00000000 00000000 00000000 ................
0x00c9ff98: 00000000 00000000 00000000 00000000 ................
0x00c9ffa8: 00000000 00000000 00000000 00000000 ................
0x00c9ffb8: 00000000 00000000 00000000 00000000 ................
0x00c9ffc8: 00000000 00000000 00000000 00000000 ................
0x00c9ffd8: 00000000 00000000 00000000 00000000 ................
0x00c9ffe8: 00000000 00000000 00000000 00000000 ................
0x00c9fff8: 00000000 00000000                   ........

Module 1
C:\windows\SYSTEM32\xinput1_3.dll
Image Base: 0x00400000  Image Size: 0x00016000
File Size:  81768       File Time:  2007-04-04_175342
Version:
   Company:    Microsoft Corporation
   Product:    Microsoft® DirectX for Windows®
   FileDesc:   Microsoft Common Controller API
   FileVer:    9.18.944.0
   ProdVer:    9.18.944.0

Module 2
C:\Users\Nikhil Khanna\Documents\GitHub\VRHandStrokeTherapy\LeapMotionVRAssets_Free\test.exe
Image Base: 0x00d50000  Image Size: 0x00bb4000
File Size:  11606016    File Time:  2014-12-05_040252
Version:
   Company:    
   Product:    
   FileDesc:   
   FileVer:    4.6.1.51269
   ProdVer:    4.6.1.51269

Module 3
C:\windows\SYSTEM32\nvwgf2um.dll
Image Base: 0x05cd0000  Image Size: 0x00f43000
File Size:  16040184    File Time:  2014-12-13_020808
Version:
   Company:    NVIDIA Corporation
   Product:    NVIDIA D3D10 drivers
   FileDesc:   NVIDIA D3D10 Driver, Version 347.09 
   FileVer:    9.18.13.4709
   ProdVer:    9.18.13.4709

Module 4
C:\windows\system32\nvspcap.dll
Image Base: 0x10000000  Image Size: 0x0021c000
File Size:  2210040     File Time:  2014-12-12_161200
Version:
   Company:    NVIDIA Corporation
   Product:    NVIDIA GeForce Experience
   FileDesc:   NVIDIA Capture Server Proxy
   FileVer:    16.18.9.0
   ProdVer:    16.18.9.0

Module 5
C:\windows\SYSTEM32\igd10iumd32.dll
Image Base: 0x0b800000  Image Size: 0x019a9000
File Size:  27006552    File Time:  2014-04-16_002744
Version:
   Company:    Intel Corporation
   Product:    Intel HD Graphics Drivers for Windows 8(R)
   FileDesc:   User Mode Driver for Intel(R) Graphics Technology
   FileVer:    10.18.10.3540
   ProdVer:    10.18.10.3540

Module 6
C:\Users\Nikhil Khanna\Documents\GitHub\VRHandStrokeTherapy\LeapMotionVRAssets_Free\test_Data\Mono\mono.dll
Image Base: 0x10000000  Image Size: 0x0022f000
File Size:  2101760     File Time:  2014-12-05_034222
Version:
   Company:    
   Product:    
   FileDesc:   
   FileVer:    0.0.0.0
   ProdVer:    0.0.0.0

Module 7
C:\windows\SYSTEM32\dsound.dll
Image Base: 0x50040000  Image Size: 0x00079000
File Size:  485888      File Time:  2013-08-21_195040
Version:
   Company:    Microsoft Corporation
   Product:    Microsoft® Windows® Operating System
   FileDesc:   DirectSound
   FileVer:    6.3.9600.16384
   ProdVer:    6.3.9600.16384

Module 8
C:\windows\SYSTEM32\OVRDisplay32.dll
Image Base: 0x50590000  Image Size: 0x00012000
File Size:  61440       File Time:  2014-12-03_130918
Version:
   Company:    Oculus VR, LLC
   Product:    Oculus Display Driver
   FileDesc:   Oculus Display Driver
   FileVer:    1.2.2.0
   ProdVer:    1.2.2.0

Module 9
C:\Users\Nikhil Khanna\Documents\GitHub\VRHandStrokeTherapy\LeapMotionVRAssets_Free\test_Data\Plugins\OculusPlugin.DLL
Image Base: 0x505b0000  Image Size: 0x000a9000
File Size:  667136      File Time:  2014-12-15_134902
Version:
   Company:    
   Product:    
   FileDesc:   
   FileVer:    0.0.0.0
   ProdVer:    0.0.0.0

Module 10
C:\windows\SYSTEM32\midimap.dll
Image Base: 0x56750000  Image Size: 0x00008000
File Size:  18944       File Time:  2013-08-21_200412
Version:
   Company:    Microsoft Corporation
   Product:    Microsoft® Windows® Operating System
   FileDesc:   Microsoft MIDI Mapper
   FileVer:    6.3.9600.16384
   ProdVer:    6.3.9600.16384

Module 11
C:\windows\SYSTEM32\msacm32.drv
Image Base: 0x56760000  Image Size: 0x00009000
File Size:  22016       File Time:  2013-08-21_195914
Version:
   Company:    Microsoft Corporation
   Product:    Microsoft® Windows® Operating System
   FileDesc:   Microsoft Sound Mapper
   FileVer:    6.3.9600.16384
   ProdVer:    6.3.9600.16384

Module 12
C:\windows\SYSTEM32\AVRT.dll
Image Base: 0x56770000  Image Size: 0x00009000
File Size:  30464       File Time:  2013-08-21_212500
Version:
   Company:    Microsoft Corporation
   Product:    Microsoft® Windows® Operating System
   FileDesc:   Multimedia Realtime Runtime
   FileVer:    6.3.9600.16384
   ProdVer:    6.3.9600.16384

Module 13
C:\windows\SYSTEM32\wdmaud.drv
Image Base: 0x56780000  Image Size: 0x00034000
File Size:  187392      File Time:  2013-08-21_183626
Version:
   Company:    Microsoft Corporation
   Product:    Microsoft® Windows® Operating System
   FileDesc:   Winmm  audio system driver
   FileVer:    6.3.9600.16384
   ProdVer:    6.3.9600.16384

Module 14
C:\windows\SYSTEM32\d3d10.dll
Image Base: 0x5afa0000  Image Size: 0x00109000
File Size:  1055744     File Time:  2013-08-21_184200
Version:
   Company:    Microsoft Corporation
   Product:    Microsoft® Windows® Operating System
   FileDesc:   Direct3D 10 Runtime
   FileVer:    6.3.9600.16384
   ProdVer:    6.3.9600.16384

Module 15
C:\windows\SYSTEM32\d3d10core.dll
Image Base: 0x5b0b0000  Image Size: 0x00048000
File Size:  285696      File Time:  2013-08-21_184610
Version:
   Company:    Microsoft Corporation
   Product:    Microsoft® Windows® Operating System
   FileDesc:   Direct3D 10 Runtime
   FileVer:    6.3.9600.16384
   ProdVer:    6.3.9600.16384

Module 16
C:\windows\SYSTEM32\igdusc32.dll
Image Base: 0x5d820000  Image Size: 0x00379000
File Size:  3645112     File Time:  2014-04-16_002812
Version:
   Company:    Intel Corporation
   Product:    Intel HD Graphics Drivers for Windows 8(R)
   FileDesc:   Unified Shader Compiler for Intel(R) Graphics Accelerator
   FileVer:    10.18.10.3540
   ProdVer:    10.18.10.3540

Module 17
C:\windows\SYSTEM32\d3d11.dll
Image Base: 0x661b0000  Image Size: 0x001af000
File Size:  1779800     File Time:  2014-03-06_031314
Version:
   Company:    Microsoft Corporation
   Product:    Microsoft® Windows® Operating System
   FileDesc:   Direct3D 11 Runtime
   FileVer:    6.3.9600.17041
   ProdVer:    6.3.9600.17041

Module 18
C:\windows\SYSTEM32\OVRDisplayRT32.dll
Image Base: 0x665c0000  Image Size: 0x00015000
File Size:  74240       File Time:  2014-12-03_130920
Version:
   Company:    Oculus VR, LLC
   Product:    Oculus Display Driver
   FileDesc:   Oculus Display Driver
   FileVer:    1.2.2.0
   ProdVer:    1.2.2.0

Module 19
C:\windows\SYSTEM32\dxgi.dll
Image Base: 0x66e70000  Image Size: 0x00062000
File Size:  406400      File Time:  2014-06-12_161046
Version:
   Company:    Microsoft Corporation
   Product:    Microsoft® Windows® Operating System
   FileDesc:   DirectX Graphics Infrastructure
   FileVer:    6.3.9600.17201
   ProdVer:    6.3.9600.17201

Module 20
C:\windows\SYSTEM32\MSVCR120.dll
Image Base: 0x67480000  Image Size: 0x000ee000
File Size:  970912      File Time:  2013-10-05_013822
Version:
   Company:    Microsoft Corporation
   Product:    Microsoft® Visual Studio® 2013
   FileDesc:   Microsoft® C Runtime Library
   FileVer:    12.0.21005.1
   ProdVer:    12.0.21005.1

Module 21
C:\windows\SYSTEM32\GLU32.dll
Image Base: 0x67730000  Image Size: 0x00024000
File Size:  136704      File Time:  2013-08-21_200600
Version:
   Company:    Microsoft Corporation
   Product:    Microsoft® Windows® Operating System
   FileDesc:   OpenGL Utility Library DLL
   FileVer:    6.3.9600.16384
   ProdVer:    6.3.9600.16384

Module 22
C:\windows\SYSTEM32\OPENGL32.dll
Image Base: 0x67760000  Image Size: 0x000d4000
File Size:  737280      File Time:  2013-08-21_200322
Version:
   Company:    Microsoft Corporation
   Product:    Microsoft® Windows® Operating System
   FileDesc:   OpenGL Client DLL
   FileVer:    6.3.9600.16384
   ProdVer:    6.3.9600.16384

Module 23
C:\windows\SYSTEM32\MSVCP120.dll
Image Base: 0x67c60000  Image Size: 0x00071000
File Size:  455328      File Time:  2013-10-05_013822
Version:
   Company:    Microsoft Corporation
   Product:    Microsoft® Visual Studio® 2013
   FileDesc:   Microsoft® C Runtime Library
   FileVer:    12.0.21005.1
   ProdVer:    12.0.21005.1

Module 24
C:\windows\SYSTEM32\MSACM32.dll
Image Base: 0x695c0000  Image Size: 0x00015000
File Size:  86192       File Time:  2013-08-21_211924
Version:
   Company:    Microsoft Corporation
   Product:    Microsoft® Windows® Operating System
   FileDesc:   Microsoft ACM Audio Filter
   FileVer:    6.3.9600.16384
   ProdVer:    6.3.9600.16384

Module 25
C:\windows\SYSTEM32\DDRAW.dll
Image Base: 0x69be0000  Image Size: 0x000e7000
File Size:  527872      File Time:  2013-08-21_183332
Version:
   Company:    Microsoft Corporation
   Product:    Microsoft® Windows® Operating System
   FileDesc:   Microsoft DirectDraw
   FileVer:    6.3.9600.16384
   ProdVer:    6.3.9600.16384

Module 26
C:\windows\SYSTEM32\MMDevAPI.DLL
Image Base: 0x6bdc0000  Image Size: 0x0004a000
File Size:  296448      File Time:  2014-03-18_015450
Version:
   Company:    Microsoft Corporation
   Product:    Microsoft® Windows® Operating System
   FileDesc:   MMDevice API
   FileVer:    6.3.9600.17031
   ProdVer:    6.3.9600.17031

Module 27
C:\windows\SYSTEM32\powrprof.dll
Image Base: 0x6be10000  Image Size: 0x0003e000
File Size:  251504      File Time:  2014-03-18_015508
Version:
   Company:    Microsoft Corporation
   Product:    Microsoft® Windows® Operating System
   FileDesc:   Power Profile Helper DLL
   FileVer:    6.3.9600.17031
   ProdVer:    6.3.9600.17031

Module 28
C:\windows\SYSTEM32\AUDIOSES.DLL
Image Base: 0x6be50000  Image Size: 0x00060000
File Size:  370424      File Time:  2014-10-06_193404
Version:
   Company:    Microsoft Corporation
   Product:    Microsoft® Windows® Operating System
   FileDesc:   Audio Session
   FileVer:    6.3.9600.17393
   ProdVer:    6.3.9600.17393

Module 29
C:\windows\SYSTEM32\NTASN1.dll
Image Base: 0x6e270000  Image Size: 0x0002b000
File Size:  171472      File Time:  2013-08-21_212932
Version:
   Company:    Microsoft Corporation
   Product:    Microsoft® Windows® Operating System
   FileDesc:   Microsoft ASN.1 API
   FileVer:    6.3.9600.16384
   ProdVer:    6.3.9600.16384

Module 30
C:\windows\SYSTEM32\ncrypt.dll
Image Base: 0x6e2a0000  Image Size: 0x0001c000
File Size:  113072      File Time:  2013-08-21_212930
Version:
   Company:    Microsoft Corporation
   Product:    Microsoft® Windows® Operating System
   FileDesc:   Windows NCrypt Router
   FileVer:    6.3.9600.16384
   ProdVer:    6.3.9600.16384

Module 31
C:\windows\SYSTEM32\DCIMAN32.dll
Image Base: 0x6e630000  Image Size: 0x00007000
File Size:  11264       File Time:  2013-08-21_200606
Version:
   Company:    Microsoft Corporation
   Product:    Microsoft® Windows® Operating System
   FileDesc:   DCI Manager
   FileVer:    6.3.9600.16384
   ProdVer:    6.3.9600.16384

Module 32
C:\windows\system32\uxtheme.dll
Image Base: 0x6e6c0000  Image Size: 0x000db000
File Size:  876544      File Time:  2014-03-18_015510
Version:
   Company:    Microsoft Corporation
   Product:    Microsoft® Windows® Operating System
   FileDesc:   Microsoft UxTheme Library
   FileVer:    6.3.9600.17031
   ProdVer:    6.3.9600.17031

Module 33
C:\windows\SYSTEM32\HID.DLL
Image Base: 0x6e7b0000  Image Size: 0x0000a000
File Size:  25600       File Time:  2013-08-21_185446
Version:
   Company:    Microsoft Corporation
   Product:    Microsoft® Windows® Operating System
   FileDesc:   Hid User Library
   FileVer:    6.3.9600.16384
   ProdVer:    6.3.9600.16384

Module 34
C:\windows\SYSTEM32\dwmapi.dll
Image Base: 0x6fb70000  Image Size: 0x00018000
File Size:  98048       File Time:  2014-07-24_055008
Version:
   Company:    Microsoft Corporation
   Product:    Microsoft® Windows® Operating System
   FileDesc:   Microsoft Desktop Window Manager API
   FileVer:    6.3.9600.17238
   ProdVer:    6.3.9600.17238

Module 35
C:\windows\SYSTEM32\d3d9.dll
Image Base: 0x6fb90000  Image Size: 0x001b8000
File Size:  1797896     File Time:  2014-04-14_000846
Version:
   Company:    Microsoft Corporation
   Product:    Microsoft® Windows® Operating System
   FileDesc:   Direct3D 9 Runtime
   FileVer:    6.3.9600.17095
   ProdVer:    6.3.9600.17095

Module 36
C:\windows\SYSTEM32\ksuser.dll
Image Base: 0x6fd50000  Image Size: 0x00007000
File Size:  18616       File Time:  2013-08-21_211914
Version:
   Company:    Microsoft Corporation
   Product:    Microsoft® Windows® Operating System
   FileDesc:   User CSA Library
   FileVer:    6.3.9600.16384
   ProdVer:    6.3.9600.16384

Module 37
C:\windows\SYSTEM32\DNSAPI.dll
Image Base: 0x6fde0000  Image Size: 0x0007c000
File Size:  494592      File Time:  2014-03-03_224242
Version:
   Company:    Microsoft Corporation
   Product:    Microsoft® Windows® Operating System
   FileDesc:   DNS Client API DLL
   FileVer:    6.3.9600.17039
   ProdVer:    6.3.9600.17039

Module 38
C:\Program Files (x86)\AVG\AVG2015\avghookx.dll
Image Base: 0x72230000  Image Size: 0x0007b000
File Size:  482968      File Time:  2014-12-18_094112
Version:
   Company:    AVG Technologies CZ, s.r.o.
   Product:    AVG Internet Security
   FileDesc:   None
   FileVer:    15.0.0.5645
   ProdVer:    15.0.0.5645

Module 39
C:\windows\SYSTEM32\bcrypt.dll
Image Base: 0x72950000  Image Size: 0x0001d000
File Size:  109056      File Time:  2014-03-18_015512
Version:
   Company:    Microsoft Corporation
   Product:    Microsoft® Windows® Operating System
   FileDesc:   Windows Cryptographic Primitives Library
   FileVer:    6.3.9600.17031
   ProdVer:    6.3.9600.17031

Module 40
C:\windows\SYSTEM32\dbghelp.dll
Image Base: 0x73390000  Image Size: 0x00148000
File Size:  1238016     File Time:  2014-03-18_015526
Version:
   Company:    Microsoft Corporation
   Product:    Microsoft® Windows® Operating System
   FileDesc:   Windows Image Helper
   FileVer:    6.3.9600.16520
   ProdVer:    6.3.9600.16520

Module 41
C:\windows\system32\apphelp.dll
Image Base: 0x737a0000  Image Size: 0x00099000
File Size:  617472      File Time:  2014-03-18_015510
Version:
   Company:    Microsoft Corporation
   Product:    Microsoft® Windows® Operating System
   FileDesc:   Application Compatibility Client Library
   FileVer:    6.3.9600.17031
   ProdVer:    6.3.9600.17031

Module 42
C:\windows\SYSTEM32\MSWSOCK.dll
Image Base: 0x73f70000  Image Size: 0x00045000
File Size:  270848      File Time:  2013-08-21_185526
Version:
   Company:    Microsoft Corporation
   Product:    Microsoft® Windows® Operating System
   FileDesc:   Microsoft Windows Sockets 2.0 Service Provider
   FileVer:    6.3.9600.16384
   ProdVer:    6.3.9600.16384

Module 43
C:\windows\SYSTEM32\WINHTTP.dll
Image Base: 0x73fc0000  Image Size: 0x00094000
File Size:  589312      File Time:  2013-08-21_183910
Version:
   Company:    Microsoft Corporation
   Product:    Microsoft® Windows® Operating System
   FileDesc:   Windows HTTP Services
   FileVer:    6.3.9600.16384
   ProdVer:    6.3.9600.16384

Module 44
C:\windows\SYSTEM32\WINMMBASE.dll
Image Base: 0x74140000  Image Size: 0x00020000
File Size:  127544      File Time:  2014-03-24_172048
Version:
   Company:    Microsoft Corporation
   Product:    Microsoft® Windows® Operating System
   FileDesc:   Base Multimedia Extension API DLL
   FileVer:    6.3.9600.17080
   ProdVer:    6.3.9600.17080

Module 45
C:\windows\SYSTEM32\WINNSI.DLL
Image Base: 0x74160000  Image Size: 0x00008000
File Size:  25824       File Time:  2013-08-22_052538
Version:
   Company:    Microsoft Corporation
   Product:    Microsoft® Windows® Operating System
   FileDesc:   Network Store Information RPC interface
   FileVer:    6.3.9600.16384
   ProdVer:    6.3.9600.16384

Module 46
C:\windows\SYSTEM32\WINMM.dll
Image Base: 0x74170000  Image Size: 0x00020000
File Size:  128568      File Time:  2014-03-24_172046
Version:
   Company:    Microsoft Corporation
   Product:    Microsoft® Windows® Operating System
   FileDesc:   MCI API DLL
   FileVer:    6.3.9600.17078
   ProdVer:    6.3.9600.17078

Module 47
C:\windows\SYSTEM32\IPHLPAPI.DLL
Image Base: 0x74190000  Image Size: 0x0001e000
File Size:  118776      File Time:  2013-08-21_211754
Version:
   Company:    Microsoft Corporation
   Product:    Microsoft® Windows® Operating System
   FileDesc:   IP Helper API
   FileVer:    6.3.9600.16384
   ProdVer:    6.3.9600.16384

Module 48
C:\windows\SYSTEM32\shcore.dll
Image Base: 0x74750000  Image Size: 0x00076000
File Size:  477200      File Time:  2014-07-24_054652
Version:
   Company:    Microsoft Corporation
   Product:    Microsoft® Windows® Operating System
   FileDesc:   SHCORE
   FileVer:    6.3.9600.17238
   ProdVer:    6.3.9600.17238

Module 49
C:\windows\SYSTEM32\ntmarta.dll
Image Base: 0x75480000  Image Size: 0x00025000
File Size:  147152      File Time:  2013-08-21_212930
Version:
   Company:    Microsoft Corporation
   Product:    Microsoft® Windows® Operating System
   FileDesc:   Windows NT MARTA provider
   FileVer:    6.3.9600.16384
   ProdVer:    6.3.9600.16384

Module 50
C:\windows\SYSTEM32\DEVOBJ.dll
Image Base: 0x754b0000  Image Size: 0x0001f000
File Size:  123416      File Time:  2013-08-21_213142
Version:
   Company:    Microsoft Corporation
   Product:    Microsoft® Windows® Operating System
   FileDesc:   Device Information Set DLL
   FileVer:    6.3.9600.16384
   ProdVer:    6.3.9600.16384

Module 51
C:\windows\SYSTEM32\kernel.appcore.dll
Image Base: 0x754d0000  Image Size: 0x00009000
File Size:  29952       File Time:  2013-08-21_213142
Version:
   Company:    Microsoft Corporation
   Product:    Microsoft® Windows® Operating System
   FileDesc:   AppModel API Host
   FileVer:    6.3.9600.16384
   ProdVer:    6.3.9600.16384

Module 52
C:\windows\SYSTEM32\VERSION.dll
Image Base: 0x75550000  Image Size: 0x00008000
File Size:  25824       File Time:  2013-08-21_212540
Version:
   Company:    Microsoft Corporation
   Product:    Microsoft® Windows® Operating System
   FileDesc:   Version Checking and File Installation Libraries
   FileVer:    6.3.9600.16384
   ProdVer:    6.3.9600.16384

Module 53
C:\windows\SYSTEM32\bcryptPrimitives.dll
Image Base: 0x75560000  Image Size: 0x00052000
File Size:  335680      File Time:  2014-05-10_004646
Version:
   Company:    Microsoft Corporation
   Product:    Microsoft® Windows® Operating System
   FileDesc:   Windows Cryptographic Primitives Library
   FileVer:    6.3.9600.17120
   ProdVer:    6.3.9600.17120

Module 54
C:\windows\SYSTEM32\CRYPTBASE.dll
Image Base: 0x755c0000  Image Size: 0x00009000
File Size:  30472       File Time:  2013-08-21_211756
Version:
   Company:    Microsoft Corporation
   Product:    Microsoft® Windows® Operating System
   FileDesc:   Base cryptographic API DLL
   FileVer:    6.3.9600.16384
   ProdVer:    6.3.9600.16384

Module 55
C:\windows\SYSTEM32\SspiCli.dll
Image Base: 0x755d0000  Image Size: 0x0001d000
File Size:  101376      File Time:  2014-03-18_015510
Version:
   Company:    Microsoft Corporation
   Product:    Microsoft® Windows® Operating System
   FileDesc:   Security Support Provider Interface
   FileVer:    6.3.9600.16408
   ProdVer:    6.3.9600.16408

Module 56
C:\windows\SYSTEM32\GDI32.dll
Image Base: 0x755f0000  Image Size: 0x00107000
File Size:  1064448     File Time:  2014-08-01_195610
Version:
   Company:    Microsoft Corporation
   Product:    Microsoft® Windows® Operating System
   FileDesc:   GDI Client DLL
   FileVer:    6.3.9600.17246
   ProdVer:    6.3.9600.17246

Module 57
C:\windows\SYSTEM32\KERNEL32.DLL
Image Base: 0x75710000  Image Size: 0x00140000
File Size:  1036288     File Time:  2014-03-19_155526
Version:
   Company:    Microsoft Corporation
   Product:    Microsoft® Windows® Operating System
   FileDesc:   Windows NT BASE API Client DLL
   FileVer:    6.3.9600.17056
   ProdVer:    6.3.9600.17056

Module 58
C:\windows\SYSTEM32\combase.dll
Image Base: 0x75850000  Image Size: 0x0014e000
File Size:  1374384     File Time:  2014-03-18_015512
Version:
   Company:    Microsoft Corporation
   Product:    Microsoft® Windows® Operating System
   FileDesc:   Microsoft COM for Windows
   FileVer:    6.3.9600.17031
   ProdVer:    6.3.9600.17031

Module 59
C:\windows\SYSTEM32\USER32.dll
Image Base: 0x759a0000  Image Size: 0x0014c000
File Size:  1346048     File Time:  2014-09-18_161634
Version:
   Company:    Microsoft Corporation
   Product:    Microsoft® Windows® Operating System
   FileDesc:   Multi-User Windows USER API Client DLL
   FileVer:    6.3.9600.17344
   ProdVer:    6.3.9600.17344

Module 60
C:\windows\SYSTEM32\cfgmgr32.dll
Image Base: 0x75b00000  Image Size: 0x0003a000
File Size:  237032      File Time:  2013-08-21_213142
Version:
   Company:    Microsoft Corporation
   Product:    Microsoft® Windows® Operating System
   FileDesc:   Configuration Manager DLL
   FileVer:    6.3.9600.16384
   ProdVer:    6.3.9600.16384

Module 61
C:\windows\SYSTEM32\ADVAPI32.dll
Image Base: 0x75c00000  Image Size: 0x00078000
File Size:  490136      File Time:  2014-03-18_015450
Version:
   Company:    Microsoft Corporation
   Product:    Microsoft® Windows® Operating System
   FileDesc:   Advanced Windows 32 Base API
   FileVer:    6.3.9600.17031
   ProdVer:    6.3.9600.17031

Module 62
C:\windows\SYSTEM32\RPCRT4.dll
Image Base: 0x75c80000  Image Size: 0x000b0000
File Size:  710144      File Time:  2014-06-19_155216
Version:
   Company:    Microsoft Corporation
   Product:    Microsoft® Windows® Operating System
   FileDesc:   Remote Procedure Call Runtime
   FileVer:    6.3.9600.17216
   ProdVer:    6.3.9600.17216

Module 63
C:\windows\SYSTEM32\SETUPAPI.dll
Image Base: 0x75d30000  Image Size: 0x001ad000
File Size:  1767440     File Time:  2014-03-18_015510
Version:
   Company:    Microsoft Corporation
   Product:    Microsoft® Windows® Operating System
   FileDesc:   Windows Setup API
   FileVer:    6.3.9600.17031
   ProdVer:    6.3.9600.17031

Module 64
C:\windows\SYSTEM32\SHELL32.dll
Image Base: 0x75ee0000  Image Size: 0x011b7000
File Size:  18723112    File Time:  2014-08-30_145914
Version:
   Company:    Microsoft Corporation
   Product:    Microsoft® Windows® Operating System
   FileDesc:   Windows Shell Common Dll
   FileVer:    6.3.9600.17331
   ProdVer:    6.3.9600.17331

Module 65
C:\windows\SYSTEM32\NSI.dll
Image Base: 0x77230000  Image Size: 0x00007000
File Size:  19640       File Time:  2013-08-22_052538
Version:
   Company:    Microsoft Corporation
   Product:    Microsoft® Windows® Operating System
   FileDesc:   NSI User-mode interface DLL
   FileVer:    6.3.9600.16384
   ProdVer:    6.3.9600.16384

Module 66
C:\windows\SYSTEM32\KERNELBASE.dll
Image Base: 0x77240000  Image Size: 0x000d0000
File Size:  838144      File Time:  2014-08-15_173118
Version:
   Company:    Microsoft Corporation
   Product:    Microsoft® Windows® Operating System
   FileDesc:   Windows NT BASE API Client DLL
   FileVer:    6.3.9600.17278
   ProdVer:    6.3.9600.17278

Module 67
C:\windows\SYSTEM32\OLEAUT32.dll
Image Base: 0x77310000  Image Size: 0x00095000
File Size:  602768      File Time:  2014-10-16_225846
Version:
   Company:    Microsoft Corporation
   Product:    
   FileDesc:   
   FileVer:    6.3.9600.17403
   ProdVer:    6.3.9600.17403

Module 68
C:\windows\SYSTEM32\ole32.dll
Image Base: 0x77440000  Image Size: 0x0010c000
File Size:  1095488     File Time:  2014-03-08_033454
Version:
   Company:    Microsoft Corporation
   Product:    Microsoft® Windows® Operating System
   FileDesc:   Microsoft OLE for Windows
   FileVer:    6.3.9600.17042
   ProdVer:    6.3.9600.17042

Module 69
C:\windows\SYSTEM32\SHLWAPI.dll
Image Base: 0x77560000  Image Size: 0x00041000
File Size:  263872      File Time:  2013-08-21_212538
Version:
   Company:    Microsoft Corporation
   Product:    Microsoft® Windows® Operating System
   FileDesc:   Shell Light-weight Utility Library
   FileVer:    6.3.9600.16384
   ProdVer:    6.3.9600.16384

Module 70
C:\windows\SYSTEM32\clbcatq.dll
Image Base: 0x77640000  Image Size: 0x0007d000
File Size:  508680      File Time:  2013-08-21_212144
Version:
   Company:    Microsoft Corporation
   Product:    Microsoft® Windows® Operating System
   FileDesc:   COM+ Configuration Catalog
   FileVer:    2001.12.10530.16384
   ProdVer:    6.3.9600.16384

Module 71
C:\windows\SYSTEM32\MSCTF.dll
Image Base: 0x77700000  Image Size: 0x000f7000
File Size:  1017936     File Time:  2014-03-18_015448
Version:
   Company:    Microsoft Corporation
   Product:    Microsoft® Windows® Operating System
   FileDesc:   MSCTF Server DLL
   FileVer:    6.3.9600.17031
   ProdVer:    6.3.9600.17031

Module 72
C:\windows\SYSTEM32\sechost.dll
Image Base: 0x77800000  Image Size: 0x0003e000
File Size:  252024      File Time:  2013-08-21_211756
Version:
   Company:    Microsoft Corporation
   Product:    Microsoft® Windows® Operating System
   FileDesc:   Host for SCM/SDDL/LSA Lookup APIs
   FileVer:    6.3.9600.16384
   ProdVer:    6.3.9600.16384

Module 73
C:\windows\SYSTEM32\WS2_32.dll
Image Base: 0x77840000  Image Size: 0x0004d000
File Size:  313488      File Time:  2013-08-21_211756
Version:
   Company:    Microsoft Corporation
   Product:    Microsoft® Windows® Operating System
   FileDesc:   Windows Socket 2.0 32-Bit DLL
   FileVer:    6.3.9600.16384
   ProdVer:    6.3.9600.16384

Module 74
C:\windows\SYSTEM32\PSAPI.DLL
Image Base: 0x779e0000  Image Size: 0x00006000
File Size:  16024       File Time:  2013-08-21_213142
Version:
   Company:    Microsoft Corporation
   Product:    Microsoft® Windows® Operating System
   FileDesc:   Process Status Helper
   FileVer:    6.3.9600.16384
   ProdVer:    6.3.9600.16384

Module 75
C:\windows\SYSTEM32\msvcrt.dll
Image Base: 0x779f0000  Image Size: 0x000be000
File Size:  780408      File Time:  2013-08-21_212104
Version:
   Company:    Microsoft Corporation
   Product:    Microsoft® Windows® Operating System
   FileDesc:   Windows NT CRT DLL
   FileVer:    7.0.9600.16384
   ProdVer:    6.1.8638.16384

Module 76
C:\windows\SYSTEM32\IMM32.dll
Image Base: 0x77ab0000  Image Size: 0x00025000
File Size:  137728      File Time:  2014-03-18_015448
Version:
   Company:    Microsoft Corporation
   Product:    Microsoft® Windows® Operating System
   FileDesc:   Multi-User Windows IMM32 API Client DLL
   FileVer:    6.3.9600.17031
   ProdVer:    6.3.9600.17031

Module 77
C:\windows\SYSTEM32\ntdll.dll
Image Base: 0x77bd0000  Image Size: 0x00167000
File Size:  1467384     File Time:  2014-08-15_190352
Version:
   Company:    Microsoft Corporation
   Product:    Microsoft® Windows® Operating System
   FileDesc:   NT Layer DLL
   FileVer:    6.3.9600.17278
   ProdVer:    6.3.9600.17278


== [end of error.log] ==
