Unity Player [version: Unity 4.6.1f1_d1db7a1b5196]

OVRDisplay32.dll caused an Access Violation (0xc0000005)
  in module OVRDisplay32.dll at 0023:50fe5750.

Error occurred at 2015-01-18_111812.
C:\Users\Nikhil Khanna\Documents\GitHub\VRHandStrokeTherapy\LeapMotionVRAssets_Free\MHacks.exe, run by Nikhil Khanna.
73% memory in use.
0 MB physical memory [2186 MB free].
0 MB paging file [0 MB free].
0 MB user address space [3806 MB free].
Read from location 00740014 caused an access violation.

Context:
EDI:    0x00000000  ESI: 0x01d11488  EAX:   0x01d11328
EBX:    0x08112cbc  ECX: 0x01d11488  EDX:   0x00740000
EIP:    0x50fe5750  EBP: 0x00bff8a0  SegCs: 0x00000023
EFlags: 0x00010246  ESP: 0x00bff898  SegSs: 0x0000002b

Bytes at CS:EIP:
8b 52 14 39 50 10 73 05 8b 40 08 eb 04 8b c8 8b 

Stack:
0x00bff898: 01cf0b38 08118850 00bff8dc 619188bd 8...P..........a
0x00bff8a8: 01d11308 7acf2b47 0a6a1c8c 00000000 ....G+.z..j.....
0x00bff8b8: 00040ca2 01cf0b38 01ce02c0 01d14b94 ....8........K..
0x00bff8c8: 01d14b94 7acf2b47 00bff9b8 6191d9ba .K..G+.z.......a
0x00bff8d8: 00000004 00bff9c4 61914d7e 01ce02c0 ........~M.a....
0x00bff8e8: 0a6b8d48 08112cbc 00040ca2 01d14edc H.k..,.......N..
0x00bff8f8: 7acf2a5f 00bffa98 00bffac8 01cf7460 _*.z........`t..
0x00bff908: 00000000 00000000 01cf7460 00000000 ........`t......
0x00bff918: 00000000 00bffa30 00bff96c 01cf0b38 ....0...l...8...
0x00bff928: 01d14b94 01ce02c0 01d14b94 75b39164 .K.......K..d..u
0x00bff938: 01a287e0 0a6b8d48 081118d4 0a6b8d48 ....H.k.....H.k.
0x00bff948: 08112cbc 01d14edc 00000780 00000438 .,...N......8...
0x00bff958: 00000000 00000001 0000001c 00000000 ................
0x00bff968: 00000000 00000001 00000000 00000020 ............ ...
0x00bff978: 00000002 00040ca2 00000001 00000001 ................
0x00bff988: 00000002 00000780 00000438 0000001c ........8.......
0x00bff998: 00000001 00000000 0810db08 00000000 ................
0x00bff9a8: 00000000 00000000 00000000 7acf2a5f ............_*.z
0x00bff9b8: 00bfff0c 6191d817 00000001 00bffa70 .......a....p...
0x00bff9c8: 619150a4 01ce02c0 01d14edc 00bffa30 .P.a.....N..0...
0x00bff9d8: 01a287e0 00000001 00040ca2 00000000 ................
0x00bff9e8: 00000780 00000438 00000000 00000001 ....8...........
0x00bff9f8: 0000001c 00000000 00000000 00000001 ................
0x00bffa08: 00000000 00000020 00000001 00040ca2 .... ...........
0x00bffa18: 00000001 00000000 00000002 01ce02c0 ................
0x00bffa28: 01a287e0 01d14edc 00000780 00000438 .....N......8...
0x00bffa38: 00000000 00000001 0000001c 00000000 ................
0x00bffa48: 00000000 00000001 00000000 00000020 ............ ...
0x00bffa58: 00000001 00040ca2 00000001 00000000 ................
0x00bffa68: 00000002 7acf29eb 00bffadc 01401f0d .....).z......@.
0x00bffa78: 01ce02c0 01d14edc 00040ca2 00bffa98 .....N..........
0x00bffa88: 00bffac8 00000000 01a287e0 00000000 ................
0x00bffa98: 00000780 00000438 0000001c 00000000 ....8...........
0x00bffaa8: 00000001 00000000 00000030 00000001 ........0.......
0x00bffab8: 00000000 00000000 00000000 00000002 ................
0x00bffac8: 00000000 00000001 00000000 00000000 ................
0x00bffad8: 00000001 00bffb2c 01402a18 00000780 ....,....*@.....
0x00bffae8: 00000438 0000001c 00000000 00000002 8...............
0x00bffaf8: 00040ca2 00000001 0390db00 00000780 ................
0x00bffb08: 038e94ec 00000438 00000000 00000006 ....8...........
0x00bffb18: 00000001 00000000 011e5af0 77e58d30 .........Z..0..w
0x00bffb28: 00000000 00bffc58 01022660 04e4c864 ....X...`&..d...
0x00bffb38: 00040ca2 00000780 00000438 00000780 ........8.......
0x00bffb48: 00000438 00000000 0390db01 0390db00 8...............
0x00bffb58: 00000001 00000000 00000001 00bffccc ................
0x00bffb68: 00bffcd0 00bffcd8 038e94b4 04e4aee0 ................
0x00bffb78: 00000438 00000000 000002a8 00000001 8...............
0x00bffb88: 77e73e3d 00bffbe8 0142c5b3 766d72e4 =>.w......B..rmv
0x00bffb98: 77e73d90 00000000 0390f45c 00000000 .=.w....\.......
0x00bffba8: 00000000 00000000 0390f48c 00000001 ................
0x00bffbb8: 00000000 ffffffff 77e751c1 01cd0000 .........Q.w....
0x00bffbc8: 00000000 08131c40 00bffbe0 77e7516a ....@.......jQ.w
0x00bffbd8: 00022f14 00022ef4 00022ef0 00000001 ./..............
0x00bffbe8: 77e6a53c 6cabe8c7 00bffc58 77afde79 <..w...lX...y..w
0x00bffbf8: 77ac1136 6ceee744 766d72e4 0390f134 6..wD..l.rmv4...
0x00bffc08: 00000438 00000024 00000001 00000000 8...$...........
0x00bffc18: 00000000 00000000 00000780 00000438 ............8...
0x00bffc28: 77afde00 77afde79 00000000 00000001 ...wy..w........
0x00bffc38: 00000001 00000000 00000000 00bffc70 ............p...
0x00bffc48: 00000000 77add285 00000000 fffffffe .......w........
0x00bffc58: 00bffce0 011e1329 00000002 00000780 ....)...........
0x00bffc68: 00000438 00000000 00000000 0390db00 8...............
0x00bffc78: 00000000 00bffcc8 00bffccc 00bffcd0 ................
0x00bffc88: 00bffcd8 00000438 00000780 00000000 ....8...........
0x00bffc98: 0392a214 0392a218 01a1ad50 01a1ae10 ........P.......
0x00bffca8: 00bffcc0 00ff5416 0392a218 0392a218 .....T..........
0x00bffcb8: 01a1a490 01a1ae10 00bffcd8 00000002 ................
0x00bffcc8: 00000004 00000004 00000004 0390db00 ................
0x00bffcd8: 00000000 00ff1ee7 00bffd5c 01170155 ........\...U...
0x00bffce8: 00000780 00000438 00000000 00000000 ....8...........
0x00bffcf8: 00000010 00000000 00000001 00000000 ................
0x00bffd08: 0b432da0 00000000 00000000 00000000 .-C.............
0x00bffd18: 00000000 00000000 0392a218 00000000 ................
0x00bffd28: 00000000 00000000 00000020 0000002f ........ .../...
0x00bffd38: 00000000 00000000 00000000 00000000 ................
0x00bffd48: 00000438 00000780 00000000 00000000 8...............
0x00bffd58: 00000001 00bffe74 011e7ac5 00000000 ....t....z......
0x00bffd68: 00000000 ff6d9000 038e2a8c 00d02338 ......m..*..8#..
0x00bffd78: 01978af0 7fffffff 00000053 0000005f ........S..._...
0x00bffd88: 00d02338 038e3400 0000000f 0000000f 8#...4..........
0x00bffd98: 7fffffff 00000000 0000000f 00d01890 ................
0x00bffda8: 6f6e6f00 6374652f 00bffd00 014a6c99 .ono/etc.....lJ.
0x00bffdb8: 00000000 0000000f 0000000f 038e33f0 .............3..
0x00bffdc8: 038e3428 038e3428 019f7158 038e2a20 (4..(4..Xq.. *..
0x00bffdd8: 00d005a8 00bffe00 00bffe10 0000005f ............_...
0x00bffde8: 0000005f 01978af0 01bb9918 038e2b74 _...........t+..
0x00bffdf8: 00000004 00bffd34 77e6a68c 0000006e ....4......wn...
0x00bffe08: 0000006f 49656e69 038e3400 00000000 o...ineI.4......
0x00bffe18: 00000000 01852ea8 00000000 0000000f ................
0x00bffe28: 00bffe58 00000000 616e614d 00646567 X.......Managed.
0x00bffe38: 01494e3b 00000000 00000007 0000000f ;NI.............
0x00bffe48: 01494e48 01bb9918 0392a100 6e6f6d2f HNI........./mon
0x00bffe58: 6c642e6f 0100006c 00000000 0000000f o.dll...........
0x00bffe68: 00d01890 00000000 00000000 00bffe8c ................
0x00bffe78: 0145ca78 00ff0000 00000000 01cd3817 x.E..........8..
0x00bffe88: 0000000a 00bfff1c 01491970 00ff0000 ........p.I.....
0x00bffe98: 00000000 01cd3817 0000000a 06abefe6 .....8..........
0x00bffea8: 00000000 00000000 ff6d9000 00000044 ..........m.D...
0x00bffeb8: 01cd1db0 01cd1d90 01cd1d7a 00000000 ........z.......
0x00bffec8: 00000000 00000000 00000000 00000000 ................
0x00bffed8: 00000000 00000000 00000000 00000000 ................
0x00bffee8: 00000000 00bfff18 00bfff18 014a2cc4 .............,J.
0x00bffef8: c0000005 00000000 00000000 00bffea4 ................
0x00bfff08: 00bff2c4 00bfff5c 01493750 078a270a ....\...P7I..'..
0x00bfff18: 00000000 00bfff28 766c919f ff6d9000 ....(.....lv..m.
0x00bfff28: 00bfff6c 77e80bbb ff6d9000 6cabec27 l......w..m.'..l
0x00bfff38: 00000000 00000000 ff6d9000 c0000005 ..........m.....
0x00bfff48: 00000000 00bff2a8 77b79cab 00bfff34 ...........w4...
0x00bfff58: 00bff2a8 00bfff74 77ec27e1 1bfc1883 ....t....'.w....
0x00bfff68: 00000000 00bfff7c 77e80b91 ffffffff ....|......w....
0x00bfff78: 77e6c9e9 00000000 00000000 014919c3 ...w..........I.
0x00bfff88: ff6d9000 00000000 00000000 00000000 ..m.............
0x00bfff98: 00000000 00000000 00000000 00000000 ................
0x00bfffa8: 00000000 00000000 00000000 00000000 ................
0x00bfffb8: 00000000 00000000 00000000 00000000 ................
0x00bfffc8: 00000000 00000000 00000000 00000000 ................
0x00bfffd8: 00000000 00000000 00000000 00000000 ................
0x00bfffe8: 00000000 00000000 00000000 00000000 ................
0x00bffff8: 00000000 00000000                   ........

Module 1
C:\windows\SYSTEM32\xinput1_3.dll
Image Base: 0x00400000  Image Size: 0x00016000
File Size:  81768       File Time:  2007-04-04_175342
Version:
   Company:    Microsoft Corporation
   Product:    Microsoft® DirectX for Windows®
   FileDesc:   Microsoft Common Controller API
   FileVer:    9.18.944.0
   ProdVer:    9.18.944.0

Module 2
C:\Users\Nikhil Khanna\Documents\GitHub\VRHandStrokeTherapy\LeapMotionVRAssets_Free\MHacks.exe
Image Base: 0x00ff0000  Image Size: 0x00bb4000
File Size:  11606016    File Time:  2014-12-05_040252
Version:
   Company:    
   Product:    
   FileDesc:   
   FileVer:    4.6.1.51269
   ProdVer:    4.6.1.51269

Module 3
C:\windows\SYSTEM32\nvwgf2um.dll
Image Base: 0x05bd0000  Image Size: 0x00f43000
File Size:  16040184    File Time:  2014-12-13_020808
Version:
   Company:    NVIDIA Corporation
   Product:    NVIDIA D3D10 drivers
   FileDesc:   NVIDIA D3D10 Driver, Version 347.09 
   FileVer:    9.18.13.4709
   ProdVer:    9.18.13.4709

Module 4
C:\windows\system32\nvspcap.dll
Image Base: 0x10000000  Image Size: 0x0021c000
File Size:  2210040     File Time:  2014-12-12_161200
Version:
   Company:    NVIDIA Corporation
   Product:    NVIDIA GeForce Experience
   FileDesc:   NVIDIA Capture Server Proxy
   FileVer:    16.18.9.0
   ProdVer:    16.18.9.0

Module 5
C:\windows\SYSTEM32\igd10iumd32.dll
Image Base: 0x0b550000  Image Size: 0x019a9000
File Size:  27006552    File Time:  2014-04-16_002744
Version:
   Company:    Intel Corporation
   Product:    Intel HD Graphics Drivers for Windows 8(R)
   FileDesc:   User Mode Driver for Intel(R) Graphics Technology
   FileVer:    10.18.10.3540
   ProdVer:    10.18.10.3540

Module 6
C:\Users\Nikhil Khanna\Documents\GitHub\VRHandStrokeTherapy\LeapMotionVRAssets_Free\MHacks_Data\Mono\mono.dll
Image Base: 0x10000000  Image Size: 0x0022f000
File Size:  2101760     File Time:  2014-12-05_034222
Version:
   Company:    
   Product:    
   FileDesc:   
   FileVer:    0.0.0.0
   ProdVer:    0.0.0.0

Module 7
C:\windows\SYSTEM32\OVRDisplay32.dll
Image Base: 0x50fe0000  Image Size: 0x00012000
File Size:  61440       File Time:  2014-12-03_130918
Version:
   Company:    Oculus VR, LLC
   Product:    Oculus Display Driver
   FileDesc:   Oculus Display Driver
   FileVer:    1.2.2.0
   ProdVer:    1.2.2.0

Module 8
C:\Users\Nikhil Khanna\Documents\GitHub\VRHandStrokeTherapy\LeapMotionVRAssets_Free\MHacks_Data\Plugins\OculusPlugin.DLL
Image Base: 0x51000000  Image Size: 0x000a9000
File Size:  667136      File Time:  2014-12-15_134902
Version:
   Company:    
   Product:    
   FileDesc:   
   FileVer:    0.0.0.0
   ProdVer:    0.0.0.0

Module 9
C:\windows\SYSTEM32\dsound.dll
Image Base: 0x517f0000  Image Size: 0x00079000
File Size:  485888      File Time:  2013-08-21_195040
Version:
   Company:    Microsoft Corporation
   Product:    Microsoft® Windows® Operating System
   FileDesc:   DirectSound
   FileVer:    6.3.9600.16384
   ProdVer:    6.3.9600.16384

Module 10
C:\windows\SYSTEM32\midimap.dll
Image Base: 0x56c80000  Image Size: 0x00008000
File Size:  18944       File Time:  2013-08-21_200412
Version:
   Company:    Microsoft Corporation
   Product:    Microsoft® Windows® Operating System
   FileDesc:   Microsoft MIDI Mapper
   FileVer:    6.3.9600.16384
   ProdVer:    6.3.9600.16384

Module 11
C:\windows\SYSTEM32\msacm32.drv
Image Base: 0x56c90000  Image Size: 0x00009000
File Size:  22016       File Time:  2013-08-21_195914
Version:
   Company:    Microsoft Corporation
   Product:    Microsoft® Windows® Operating System
   FileDesc:   Microsoft Sound Mapper
   FileVer:    6.3.9600.16384
   ProdVer:    6.3.9600.16384

Module 12
C:\windows\SYSTEM32\wdmaud.drv
Image Base: 0x56ca0000  Image Size: 0x00034000
File Size:  187392      File Time:  2013-08-21_183626
Version:
   Company:    Microsoft Corporation
   Product:    Microsoft® Windows® Operating System
   FileDesc:   Winmm  audio system driver
   FileVer:    6.3.9600.16384
   ProdVer:    6.3.9600.16384

Module 13
C:\windows\SYSTEM32\d3d10.dll
Image Base: 0x5e1d0000  Image Size: 0x00109000
File Size:  1055744     File Time:  2013-08-21_184200
Version:
   Company:    Microsoft Corporation
   Product:    Microsoft® Windows® Operating System
   FileDesc:   Direct3D 10 Runtime
   FileVer:    6.3.9600.16384
   ProdVer:    6.3.9600.16384

Module 14
C:\windows\SYSTEM32\igdusc32.dll
Image Base: 0x5e660000  Image Size: 0x00379000
File Size:  3645112     File Time:  2014-04-16_002812
Version:
   Company:    Intel Corporation
   Product:    Intel HD Graphics Drivers for Windows 8(R)
   FileDesc:   Unified Shader Compiler for Intel(R) Graphics Accelerator
   FileVer:    10.18.10.3540
   ProdVer:    10.18.10.3540

Module 15
C:\windows\SYSTEM32\d3d10core.dll
Image Base: 0x61450000  Image Size: 0x00048000
File Size:  285696      File Time:  2013-08-21_184610
Version:
   Company:    Microsoft Corporation
   Product:    Microsoft® Windows® Operating System
   FileDesc:   Direct3D 10 Runtime
   FileVer:    6.3.9600.16384
   ProdVer:    6.3.9600.16384

Module 16
C:\windows\SYSTEM32\OVRDisplayRT32.dll
Image Base: 0x61910000  Image Size: 0x00015000
File Size:  74240       File Time:  2014-12-03_130920
Version:
   Company:    Oculus VR, LLC
   Product:    Oculus Display Driver
   FileDesc:   Oculus Display Driver
   FileVer:    1.2.2.0
   ProdVer:    1.2.2.0

Module 17
C:\windows\SYSTEM32\AVRT.dll
Image Base: 0x61b60000  Image Size: 0x00009000
File Size:  30464       File Time:  2013-08-21_212500
Version:
   Company:    Microsoft Corporation
   Product:    Microsoft® Windows® Operating System
   FileDesc:   Multimedia Realtime Runtime
   FileVer:    6.3.9600.16384
   ProdVer:    6.3.9600.16384

Module 18
C:\windows\SYSTEM32\d3d11.dll
Image Base: 0x66dc0000  Image Size: 0x001af000
File Size:  1779800     File Time:  2014-03-06_031314
Version:
   Company:    Microsoft Corporation
   Product:    Microsoft® Windows® Operating System
   FileDesc:   Direct3D 11 Runtime
   FileVer:    6.3.9600.17041
   ProdVer:    6.3.9600.17041

Module 19
C:\windows\SYSTEM32\dxgi.dll
Image Base: 0x69380000  Image Size: 0x00062000
File Size:  406400      File Time:  2014-06-12_161046
Version:
   Company:    Microsoft Corporation
   Product:    Microsoft® Windows® Operating System
   FileDesc:   DirectX Graphics Infrastructure
   FileVer:    6.3.9600.17201
   ProdVer:    6.3.9600.17201

Module 20
C:\windows\SYSTEM32\GLU32.dll
Image Base: 0x695e0000  Image Size: 0x00024000
File Size:  136704      File Time:  2013-08-21_200600
Version:
   Company:    Microsoft Corporation
   Product:    Microsoft® Windows® Operating System
   FileDesc:   OpenGL Utility Library DLL
   FileVer:    6.3.9600.16384
   ProdVer:    6.3.9600.16384

Module 21
C:\windows\SYSTEM32\OPENGL32.dll
Image Base: 0x69870000  Image Size: 0x000d4000
File Size:  737280      File Time:  2013-08-21_200322
Version:
   Company:    Microsoft Corporation
   Product:    Microsoft® Windows® Operating System
   FileDesc:   OpenGL Client DLL
   FileVer:    6.3.9600.16384
   ProdVer:    6.3.9600.16384

Module 22
C:\windows\SYSTEM32\MSVCR120.dll
Image Base: 0x69bb0000  Image Size: 0x000ee000
File Size:  970912      File Time:  2013-10-05_013822
Version:
   Company:    Microsoft Corporation
   Product:    Microsoft® Visual Studio® 2013
   FileDesc:   Microsoft® C Runtime Library
   FileVer:    12.0.21005.1
   ProdVer:    12.0.21005.1

Module 23
C:\windows\SYSTEM32\MSVCP120.dll
Image Base: 0x69f10000  Image Size: 0x00071000
File Size:  455328      File Time:  2013-10-05_013822
Version:
   Company:    Microsoft Corporation
   Product:    Microsoft® Visual Studio® 2013
   FileDesc:   Microsoft® C Runtime Library
   FileVer:    12.0.21005.1
   ProdVer:    12.0.21005.1

Module 24
C:\windows\SYSTEM32\MMDevAPI.DLL
Image Base: 0x6be30000  Image Size: 0x0004a000
File Size:  296448      File Time:  2014-03-18_015450
Version:
   Company:    Microsoft Corporation
   Product:    Microsoft® Windows® Operating System
   FileDesc:   MMDevice API
   FileVer:    6.3.9600.17031
   ProdVer:    6.3.9600.17031

Module 25
C:\windows\SYSTEM32\NTASN1.dll
Image Base: 0x6e670000  Image Size: 0x0002b000
File Size:  171472      File Time:  2013-08-21_212932
Version:
   Company:    Microsoft Corporation
   Product:    Microsoft® Windows® Operating System
   FileDesc:   Microsoft ASN.1 API
   FileVer:    6.3.9600.16384
   ProdVer:    6.3.9600.16384

Module 26
C:\windows\SYSTEM32\ncrypt.dll
Image Base: 0x6e6a0000  Image Size: 0x0001c000
File Size:  113072      File Time:  2013-08-21_212930
Version:
   Company:    Microsoft Corporation
   Product:    Microsoft® Windows® Operating System
   FileDesc:   Windows NCrypt Router
   FileVer:    6.3.9600.16384
   ProdVer:    6.3.9600.16384

Module 27
C:\windows\SYSTEM32\powrprof.dll
Image Base: 0x6e8e0000  Image Size: 0x0003e000
File Size:  251504      File Time:  2014-03-18_015508
Version:
   Company:    Microsoft Corporation
   Product:    Microsoft® Windows® Operating System
   FileDesc:   Power Profile Helper DLL
   FileVer:    6.3.9600.17031
   ProdVer:    6.3.9600.17031

Module 28
C:\windows\system32\uxtheme.dll
Image Base: 0x6e920000  Image Size: 0x000db000
File Size:  876544      File Time:  2014-03-18_015510
Version:
   Company:    Microsoft Corporation
   Product:    Microsoft® Windows® Operating System
   FileDesc:   Microsoft UxTheme Library
   FileVer:    6.3.9600.17031
   ProdVer:    6.3.9600.17031

Module 29
C:\windows\SYSTEM32\AUDIOSES.DLL
Image Base: 0x6ea10000  Image Size: 0x00060000
File Size:  370424      File Time:  2014-10-06_193404
Version:
   Company:    Microsoft Corporation
   Product:    Microsoft® Windows® Operating System
   FileDesc:   Audio Session
   FileVer:    6.3.9600.17393
   ProdVer:    6.3.9600.17393

Module 30
C:\windows\SYSTEM32\MSACM32.dll
Image Base: 0x6ea70000  Image Size: 0x00015000
File Size:  86192       File Time:  2013-08-21_211924
Version:
   Company:    Microsoft Corporation
   Product:    Microsoft® Windows® Operating System
   FileDesc:   Microsoft ACM Audio Filter
   FileVer:    6.3.9600.16384
   ProdVer:    6.3.9600.16384

Module 31
C:\windows\SYSTEM32\DCIMAN32.dll
Image Base: 0x6ebb0000  Image Size: 0x00007000
File Size:  11264       File Time:  2013-08-21_200606
Version:
   Company:    Microsoft Corporation
   Product:    Microsoft® Windows® Operating System
   FileDesc:   DCI Manager
   FileVer:    6.3.9600.16384
   ProdVer:    6.3.9600.16384

Module 32
C:\windows\SYSTEM32\HID.DLL
Image Base: 0x6ebc0000  Image Size: 0x0000a000
File Size:  25600       File Time:  2013-08-21_185446
Version:
   Company:    Microsoft Corporation
   Product:    Microsoft® Windows® Operating System
   FileDesc:   Hid User Library
   FileVer:    6.3.9600.16384
   ProdVer:    6.3.9600.16384

Module 33
C:\windows\SYSTEM32\DDRAW.dll
Image Base: 0x6ebd0000  Image Size: 0x000e7000
File Size:  527872      File Time:  2013-08-21_183332
Version:
   Company:    Microsoft Corporation
   Product:    Microsoft® Windows® Operating System
   FileDesc:   Microsoft DirectDraw
   FileVer:    6.3.9600.16384
   ProdVer:    6.3.9600.16384

Module 34
C:\windows\SYSTEM32\dwmapi.dll
Image Base: 0x6fc80000  Image Size: 0x00018000
File Size:  98048       File Time:  2014-07-24_055008
Version:
   Company:    Microsoft Corporation
   Product:    Microsoft® Windows® Operating System
   FileDesc:   Microsoft Desktop Window Manager API
   FileVer:    6.3.9600.17238
   ProdVer:    6.3.9600.17238

Module 35
C:\windows\SYSTEM32\d3d9.dll
Image Base: 0x6fca0000  Image Size: 0x001b8000
File Size:  1797896     File Time:  2014-04-14_000846
Version:
   Company:    Microsoft Corporation
   Product:    Microsoft® Windows® Operating System
   FileDesc:   Direct3D 9 Runtime
   FileVer:    6.3.9600.17095
   ProdVer:    6.3.9600.17095

Module 36
C:\windows\SYSTEM32\ksuser.dll
Image Base: 0x6fe60000  Image Size: 0x00007000
File Size:  18616       File Time:  2013-08-21_211914
Version:
   Company:    Microsoft Corporation
   Product:    Microsoft® Windows® Operating System
   FileDesc:   User CSA Library
   FileVer:    6.3.9600.16384
   ProdVer:    6.3.9600.16384

Module 37
C:\windows\SYSTEM32\DNSAPI.dll
Image Base: 0x70020000  Image Size: 0x0007c000
File Size:  494592      File Time:  2014-03-03_224242
Version:
   Company:    Microsoft Corporation
   Product:    Microsoft® Windows® Operating System
   FileDesc:   DNS Client API DLL
   FileVer:    6.3.9600.17039
   ProdVer:    6.3.9600.17039

Module 38
C:\Program Files (x86)\AVG\AVG2015\avghookx.dll
Image Base: 0x72490000  Image Size: 0x0007b000
File Size:  482968      File Time:  2014-12-18_094112
Version:
   Company:    AVG Technologies CZ, s.r.o.
   Product:    AVG Internet Security
   FileDesc:   None
   FileVer:    15.0.0.5645
   ProdVer:    15.0.0.5645

Module 39
C:\windows\SYSTEM32\dbghelp.dll
Image Base: 0x72cb0000  Image Size: 0x00148000
File Size:  1238016     File Time:  2014-03-18_015526
Version:
   Company:    Microsoft Corporation
   Product:    Microsoft® Windows® Operating System
   FileDesc:   Windows Image Helper
   FileVer:    6.3.9600.16520
   ProdVer:    6.3.9600.16520

Module 40
C:\windows\SYSTEM32\bcrypt.dll
Image Base: 0x72e00000  Image Size: 0x0001d000
File Size:  109056      File Time:  2014-03-18_015512
Version:
   Company:    Microsoft Corporation
   Product:    Microsoft® Windows® Operating System
   FileDesc:   Windows Cryptographic Primitives Library
   FileVer:    6.3.9600.17031
   ProdVer:    6.3.9600.17031

Module 41
C:\windows\system32\apphelp.dll
Image Base: 0x731c0000  Image Size: 0x00099000
File Size:  617472      File Time:  2014-03-18_015510
Version:
   Company:    Microsoft Corporation
   Product:    Microsoft® Windows® Operating System
   FileDesc:   Application Compatibility Client Library
   FileVer:    6.3.9600.17031
   ProdVer:    6.3.9600.17031

Module 42
C:\windows\SYSTEM32\MSWSOCK.dll
Image Base: 0x73bd0000  Image Size: 0x00045000
File Size:  270848      File Time:  2013-08-21_185526
Version:
   Company:    Microsoft Corporation
   Product:    Microsoft® Windows® Operating System
   FileDesc:   Microsoft Windows Sockets 2.0 Service Provider
   FileVer:    6.3.9600.16384
   ProdVer:    6.3.9600.16384

Module 43
C:\windows\SYSTEM32\WINHTTP.dll
Image Base: 0x73c20000  Image Size: 0x00094000
File Size:  589312      File Time:  2013-08-21_183910
Version:
   Company:    Microsoft Corporation
   Product:    Microsoft® Windows® Operating System
   FileDesc:   Windows HTTP Services
   FileVer:    6.3.9600.16384
   ProdVer:    6.3.9600.16384

Module 44
C:\windows\SYSTEM32\WINMMBASE.dll
Image Base: 0x73cc0000  Image Size: 0x00020000
File Size:  127544      File Time:  2014-03-24_172048
Version:
   Company:    Microsoft Corporation
   Product:    Microsoft® Windows® Operating System
   FileDesc:   Base Multimedia Extension API DLL
   FileVer:    6.3.9600.17080
   ProdVer:    6.3.9600.17080

Module 45
C:\windows\SYSTEM32\WINNSI.DLL
Image Base: 0x73ce0000  Image Size: 0x00008000
File Size:  25824       File Time:  2013-08-22_052538
Version:
   Company:    Microsoft Corporation
   Product:    Microsoft® Windows® Operating System
   FileDesc:   Network Store Information RPC interface
   FileVer:    6.3.9600.16384
   ProdVer:    6.3.9600.16384

Module 46
C:\windows\SYSTEM32\WINMM.dll
Image Base: 0x73cf0000  Image Size: 0x00020000
File Size:  128568      File Time:  2014-03-24_172046
Version:
   Company:    Microsoft Corporation
   Product:    Microsoft® Windows® Operating System
   FileDesc:   MCI API DLL
   FileVer:    6.3.9600.17078
   ProdVer:    6.3.9600.17078

Module 47
C:\windows\SYSTEM32\IPHLPAPI.DLL
Image Base: 0x73d10000  Image Size: 0x0001e000
File Size:  118776      File Time:  2013-08-21_211754
Version:
   Company:    Microsoft Corporation
   Product:    Microsoft® Windows® Operating System
   FileDesc:   IP Helper API
   FileVer:    6.3.9600.16384
   ProdVer:    6.3.9600.16384

Module 48
C:\windows\SYSTEM32\shcore.dll
Image Base: 0x748d0000  Image Size: 0x00076000
File Size:  477200      File Time:  2014-07-24_054652
Version:
   Company:    Microsoft Corporation
   Product:    Microsoft® Windows® Operating System
   FileDesc:   SHCORE
   FileVer:    6.3.9600.17238
   ProdVer:    6.3.9600.17238

Module 49
C:\windows\SYSTEM32\kernel.appcore.dll
Image Base: 0x75570000  Image Size: 0x00009000
File Size:  29952       File Time:  2013-08-21_213142
Version:
   Company:    Microsoft Corporation
   Product:    Microsoft® Windows® Operating System
   FileDesc:   AppModel API Host
   FileVer:    6.3.9600.16384
   ProdVer:    6.3.9600.16384

Module 50
C:\windows\SYSTEM32\ntmarta.dll
Image Base: 0x75700000  Image Size: 0x00025000
File Size:  147152      File Time:  2013-08-21_212930
Version:
   Company:    Microsoft Corporation
   Product:    Microsoft® Windows® Operating System
   FileDesc:   Windows NT MARTA provider
   FileVer:    6.3.9600.16384
   ProdVer:    6.3.9600.16384

Module 51
C:\windows\SYSTEM32\DEVOBJ.dll
Image Base: 0x75730000  Image Size: 0x0001f000
File Size:  123416      File Time:  2013-08-21_213142
Version:
   Company:    Microsoft Corporation
   Product:    Microsoft® Windows® Operating System
   FileDesc:   Device Information Set DLL
   FileVer:    6.3.9600.16384
   ProdVer:    6.3.9600.16384

Module 52
C:\windows\SYSTEM32\VERSION.dll
Image Base: 0x757b0000  Image Size: 0x00008000
File Size:  25824       File Time:  2013-08-21_212540
Version:
   Company:    Microsoft Corporation
   Product:    Microsoft® Windows® Operating System
   FileDesc:   Version Checking and File Installation Libraries
   FileVer:    6.3.9600.16384
   ProdVer:    6.3.9600.16384

Module 53
C:\windows\SYSTEM32\bcryptPrimitives.dll
Image Base: 0x757c0000  Image Size: 0x00052000
File Size:  335680      File Time:  2014-05-10_004646
Version:
   Company:    Microsoft Corporation
   Product:    Microsoft® Windows® Operating System
   FileDesc:   Windows Cryptographic Primitives Library
   FileVer:    6.3.9600.17120
   ProdVer:    6.3.9600.17120

Module 54
C:\windows\SYSTEM32\CRYPTBASE.dll
Image Base: 0x75820000  Image Size: 0x00009000
File Size:  30472       File Time:  2013-08-21_211756
Version:
   Company:    Microsoft Corporation
   Product:    Microsoft® Windows® Operating System
   FileDesc:   Base cryptographic API DLL
   FileVer:    6.3.9600.16384
   ProdVer:    6.3.9600.16384

Module 55
C:\windows\SYSTEM32\SspiCli.dll
Image Base: 0x75830000  Image Size: 0x0001d000
File Size:  101376      File Time:  2014-03-18_015510
Version:
   Company:    Microsoft Corporation
   Product:    Microsoft® Windows® Operating System
   FileDesc:   Security Support Provider Interface
   FileVer:    6.3.9600.16408
   ProdVer:    6.3.9600.16408

Module 56
C:\windows\SYSTEM32\sechost.dll
Image Base: 0x75850000  Image Size: 0x0003e000
File Size:  252024      File Time:  2013-08-21_211756
Version:
   Company:    Microsoft Corporation
   Product:    Microsoft® Windows® Operating System
   FileDesc:   Host for SCM/SDDL/LSA Lookup APIs
   FileVer:    6.3.9600.16384
   ProdVer:    6.3.9600.16384

Module 57
C:\windows\SYSTEM32\ole32.dll
Image Base: 0x75890000  Image Size: 0x0010c000
File Size:  1095488     File Time:  2014-03-08_033454
Version:
   Company:    Microsoft Corporation
   Product:    Microsoft® Windows® Operating System
   FileDesc:   Microsoft OLE for Windows
   FileVer:    6.3.9600.17042
   ProdVer:    6.3.9600.17042

Module 58
C:\windows\SYSTEM32\USER32.dll
Image Base: 0x75b30000  Image Size: 0x0014c000
File Size:  1346048     File Time:  2014-09-18_161634
Version:
   Company:    Microsoft Corporation
   Product:    Microsoft® Windows® Operating System
   FileDesc:   Multi-User Windows USER API Client DLL
   FileVer:    6.3.9600.17344
   ProdVer:    6.3.9600.17344

Module 59
C:\windows\SYSTEM32\cfgmgr32.dll
Image Base: 0x75c90000  Image Size: 0x0003a000
File Size:  237032      File Time:  2013-08-21_213142
Version:
   Company:    Microsoft Corporation
   Product:    Microsoft® Windows® Operating System
   FileDesc:   Configuration Manager DLL
   FileVer:    6.3.9600.16384
   ProdVer:    6.3.9600.16384

Module 60
C:\windows\SYSTEM32\SETUPAPI.dll
Image Base: 0x75cd0000  Image Size: 0x001ad000
File Size:  1767440     File Time:  2014-03-18_015510
Version:
   Company:    Microsoft Corporation
   Product:    Microsoft® Windows® Operating System
   FileDesc:   Windows Setup API
   FileVer:    6.3.9600.17031
   ProdVer:    6.3.9600.17031

Module 61
C:\windows\SYSTEM32\msvcrt.dll
Image Base: 0x75e80000  Image Size: 0x000be000
File Size:  780408      File Time:  2013-08-21_212104
Version:
   Company:    Microsoft Corporation
   Product:    Microsoft® Windows® Operating System
   FileDesc:   Windows NT CRT DLL
   FileVer:    7.0.9600.16384
   ProdVer:    6.1.8638.16384

Module 62
C:\windows\SYSTEM32\PSAPI.DLL
Image Base: 0x75fb0000  Image Size: 0x00006000
File Size:  16024       File Time:  2013-08-21_213142
Version:
   Company:    Microsoft Corporation
   Product:    Microsoft® Windows® Operating System
   FileDesc:   Process Status Helper
   FileVer:    6.3.9600.16384
   ProdVer:    6.3.9600.16384

Module 63
C:\windows\SYSTEM32\OLEAUT32.dll
Image Base: 0x75fc0000  Image Size: 0x00095000
File Size:  602768      File Time:  2014-10-16_225846
Version:
   Company:    Microsoft Corporation
   Product:    
   FileDesc:   
   FileVer:    6.3.9600.17403
   ProdVer:    6.3.9600.17403

Module 64
C:\windows\SYSTEM32\combase.dll
Image Base: 0x76060000  Image Size: 0x0014e000
File Size:  1374384     File Time:  2014-03-18_015512
Version:
   Company:    Microsoft Corporation
   Product:    Microsoft® Windows® Operating System
   FileDesc:   Microsoft COM for Windows
   FileVer:    6.3.9600.17031
   ProdVer:    6.3.9600.17031

Module 65
C:\windows\SYSTEM32\ADVAPI32.dll
Image Base: 0x761b0000  Image Size: 0x00078000
File Size:  490136      File Time:  2014-03-18_015450
Version:
   Company:    Microsoft Corporation
   Product:    Microsoft® Windows® Operating System
   FileDesc:   Advanced Windows 32 Base API
   FileVer:    6.3.9600.17031
   ProdVer:    6.3.9600.17031

Module 66
C:\windows\SYSTEM32\GDI32.dll
Image Base: 0x76230000  Image Size: 0x00107000
File Size:  1064448     File Time:  2014-08-01_195610
Version:
   Company:    Microsoft Corporation
   Product:    Microsoft® Windows® Operating System
   FileDesc:   GDI Client DLL
   FileVer:    6.3.9600.17246
   ProdVer:    6.3.9600.17246

Module 67
C:\windows\SYSTEM32\SHLWAPI.dll
Image Base: 0x763d0000  Image Size: 0x00041000
File Size:  263872      File Time:  2013-08-21_212538
Version:
   Company:    Microsoft Corporation
   Product:    Microsoft® Windows® Operating System
   FileDesc:   Shell Light-weight Utility Library
   FileVer:    6.3.9600.16384
   ProdVer:    6.3.9600.16384

Module 68
C:\windows\SYSTEM32\MSCTF.dll
Image Base: 0x76570000  Image Size: 0x000f7000
File Size:  1017936     File Time:  2014-03-18_015448
Version:
   Company:    Microsoft Corporation
   Product:    Microsoft® Windows® Operating System
   FileDesc:   MSCTF Server DLL
   FileVer:    6.3.9600.17031
   ProdVer:    6.3.9600.17031

Module 69
C:\windows\SYSTEM32\IMM32.dll
Image Base: 0x76670000  Image Size: 0x00025000
File Size:  137728      File Time:  2014-03-18_015448
Version:
   Company:    Microsoft Corporation
   Product:    Microsoft® Windows® Operating System
   FileDesc:   Multi-User Windows IMM32 API Client DLL
   FileVer:    6.3.9600.17031
   ProdVer:    6.3.9600.17031

Module 70
C:\windows\SYSTEM32\KERNEL32.DLL
Image Base: 0x766b0000  Image Size: 0x00140000
File Size:  1036288     File Time:  2014-03-19_155526
Version:
   Company:    Microsoft Corporation
   Product:    Microsoft® Windows® Operating System
   FileDesc:   Windows NT BASE API Client DLL
   FileVer:    6.3.9600.17056
   ProdVer:    6.3.9600.17056

Module 71
C:\windows\SYSTEM32\SHELL32.dll
Image Base: 0x767f0000  Image Size: 0x011b7000
File Size:  18723112    File Time:  2014-08-30_145914
Version:
   Company:    Microsoft Corporation
   Product:    Microsoft® Windows® Operating System
   FileDesc:   Windows Shell Common Dll
   FileVer:    6.3.9600.17331
   ProdVer:    6.3.9600.17331

Module 72
C:\windows\SYSTEM32\clbcatq.dll
Image Base: 0x779b0000  Image Size: 0x0007d000
File Size:  508680      File Time:  2013-08-21_212144
Version:
   Company:    Microsoft Corporation
   Product:    Microsoft® Windows® Operating System
   FileDesc:   COM+ Configuration Catalog
   FileVer:    2001.12.10530.16384
   ProdVer:    6.3.9600.16384

Module 73
C:\windows\SYSTEM32\KERNELBASE.dll
Image Base: 0x77ac0000  Image Size: 0x000d0000
File Size:  838144      File Time:  2014-08-15_173118
Version:
   Company:    Microsoft Corporation
   Product:    Microsoft® Windows® Operating System
   FileDesc:   Windows NT BASE API Client DLL
   FileVer:    6.3.9600.17278
   ProdVer:    6.3.9600.17278

Module 74
C:\windows\SYSTEM32\RPCRT4.dll
Image Base: 0x77bb0000  Image Size: 0x000b0000
File Size:  710144      File Time:  2014-06-19_155216
Version:
   Company:    Microsoft Corporation
   Product:    Microsoft® Windows® Operating System
   FileDesc:   Remote Procedure Call Runtime
   FileVer:    6.3.9600.17216
   ProdVer:    6.3.9600.17216

Module 75
C:\windows\SYSTEM32\WS2_32.dll
Image Base: 0x77d00000  Image Size: 0x0004d000
File Size:  313488      File Time:  2013-08-21_211756
Version:
   Company:    Microsoft Corporation
   Product:    Microsoft® Windows® Operating System
   FileDesc:   Windows Socket 2.0 32-Bit DLL
   FileVer:    6.3.9600.16384
   ProdVer:    6.3.9600.16384

Module 76
C:\windows\SYSTEM32\NSI.dll
Image Base: 0x77d50000  Image Size: 0x00007000
File Size:  19640       File Time:  2013-08-22_052538
Version:
   Company:    Microsoft Corporation
   Product:    Microsoft® Windows® Operating System
   FileDesc:   NSI User-mode interface DLL
   FileVer:    6.3.9600.16384
   ProdVer:    6.3.9600.16384

Module 77
C:\windows\SYSTEM32\ntdll.dll
Image Base: 0x77e30000  Image Size: 0x00167000
File Size:  1467384     File Time:  2014-08-15_190352
Version:
   Company:    Microsoft Corporation
   Product:    Microsoft® Windows® Operating System
   FileDesc:   NT Layer DLL
   FileVer:    6.3.9600.17278
   ProdVer:    6.3.9600.17278


== [end of error.log] ==
