Unity Player [version: Unity 4.6.1f1_d1db7a1b5196]

OVRDisplay32.dll caused an Access Violation (0xc0000005)
  in module OVRDisplay32.dll at 0023:525c5750.

Error occurred at 2015-01-18_084624.
C:\Users\Nikhil Khanna\Documents\GitHub\VRHandStrokeTherapy\LeapMotionVRAssets_Free\test.exe, run by Nikhil Khanna.
36% memory in use.
0 MB physical memory [0 MB free].
0 MB paging file [0 MB free].
0 MB user address space [3806 MB free].
Read from location 0031008a caused an access violation.

Context:
EDI:    0x00000000  ESI: 0x00ab1900  EAX:   0x00ab1760
EBX:    0x07bbf304  ECX: 0x00ab1900  EDX:   0x00310076
EIP:    0x525c5750  EBP: 0x0069f8d0  SegCs: 0x00000023
EFlags: 0x00010246  ESP: 0x0069f8c8  SegSs: 0x0000002b

Bytes at CS:EIP:
8b 52 14 39 50 10 73 05 8b 40 08 eb 04 8b c8 8b 

Stack:
0x0069f8c8: 00a91078 07bdfd48 0069f90c 665c88bd x...H.....i...\f
0x0069f8d8: 00ab18e0 fe86d3d0 07be8794 00000000 ................
0x0069f8e8: 00050700 00a91078 00a80020 00ab4c3c ....x... ...<L..
0x0069f8f8: 00ab4c3c fe86d3d0 0069f9e8 665cd9ba <L........i...\f
0x0069f908: 00000004 0069f9f4 665c4d7e 00a80020 ......i.~M\f ...
0x0069f918: 07be3180 07bbf304 00050700 00ab4f84 .1...........O..
0x0069f928: fe86d328 0069fac8 0069faf8 00a974c0 (.....i...i..t..
0x0069f938: 00000000 00000000 00a974c0 00000000 .........t......
0x0069f948: 00000000 0069fa60 0069f99c 00a91078 ....`.i...i.x...
0x0069f958: 00ab4c3c 00a80020 00ab4c3c 759a9164 <L.. ...<L..d..u
0x0069f968: 017887e0 07be3180 07bbe9d4 07be3180 ..x..1.......1..
0x0069f978: 07bbf304 00ab4f84 00000780 00000438 .....O......8...
0x0069f988: 00000000 00000001 0000001c 00000000 ................
0x0069f998: 00000000 00000001 00000000 00000020 ............ ...
0x0069f9a8: 00000002 00050700 00000001 00000001 ................
0x0069f9b8: 00000002 00000780 00000438 0000001c ........8.......
0x0069f9c8: 00000001 00000000 07bc1828 00000000 ........(.......
0x0069f9d8: 00000000 00000000 00000000 fe86d328 ............(...
0x0069f9e8: 0069ff3c 665cd817 00000001 0069faa0 <.i...\f......i.
0x0069f9f8: 665c50a4 00a80020 00ab4f84 0069fa60 .P\f ....O..`.i.
0x0069fa08: 017887e0 00000001 00050700 00000000 ..x.............
0x0069fa18: 00000780 00000438 00000000 00000001 ....8...........
0x0069fa28: 0000001c 00000000 00000000 00000001 ................
0x0069fa38: 00000000 00000020 00000001 00050700 .... ...........
0x0069fa48: 00000001 00000000 00000002 00a80020 ............ ...
0x0069fa58: 017887e0 00ab4f84 00000780 00000438 ..x..O......8...
0x0069fa68: 00000000 00000001 0000001c 00000000 ................
0x0069fa78: 00000000 00000001 00000000 00000020 ............ ...
0x0069fa88: 00000001 00050700 00000001 00000000 ................
0x0069fa98: 00000002 fe86d07c 0069fb0c 01161f0d ....|.....i.....
0x0069faa8: 00a80020 00ab4f84 00050700 0069fac8  ....O........i.
0x0069fab8: 0069faf8 00000000 017887e0 00000000 ..i.......x.....
0x0069fac8: 00000780 00000438 0000001c 00000000 ....8...........
0x0069fad8: 00000001 00000000 00000030 00000001 ........0.......
0x0069fae8: 00000000 00000000 00000000 00000002 ................
0x0069faf8: 00000000 00000001 00000000 00000000 ................
0x0069fb08: 00000001 0069fb5c 01162a18 00000780 ....\.i..*......
0x0069fb18: 00000438 0000001c 00000000 00000002 8...............
0x0069fb28: 00050700 00000001 03504900 00000780 .........IP.....
0x0069fb38: 034e04e4 00000438 00000000 00000006 ..N.8...........
0x0069fb48: 00000001 00000000 00f45af0 77bf8d30 .........Z..0..w
0x0069fb58: 00000000 0069fc88 00d82660 048d4e24 ......i.`&..$N..
0x0069fb68: 00050700 00000780 00000438 00000780 ........8.......
0x0069fb78: 00000438 00000000 03504901 03504900 8........IP..IP.
0x0069fb88: 00000001 00000000 00000001 0069fcfc ..............i.
0x0069fb98: 0069fd00 0069fd08 034e04ac 048d34a0 ..i...i...N..4..
0x0069fba8: 00000438 00000000 00000298 00000001 8...............
0x0069fbb8: 77c13e3d 0069fc18 0118c5b3 757372e4 =>.w..i......rsu
0x0069fbc8: 77c13d90 00000000 03506184 00000000 .=.w.....aP.....
0x0069fbd8: 00000000 00000000 035061b4 00000001 .........aP.....
0x0069fbe8: 00000000 ffffffff 77c151c1 00a70000 .........Q.w....
0x0069fbf8: 00000000 07bb0e80 0069fc10 77c1516a ..........i.jQ.w
0x0069fc08: 00022f14 00022ef4 00022ef0 00000001 ./..............
0x0069fc18: 77c0a53c ef1a7392 0069fc88 7727de79 <..w.s....i.y.'w
0x0069fc28: 77241136 eff97cb3 757372e4 03505e5c 6.$w.|...rsu\^P.
0x0069fc38: 00000438 00000024 00000001 00000000 8...$...........
0x0069fc48: 00000000 00000000 00000780 00000438 ............8...
0x0069fc58: 7727de00 7727de79 00000000 00000001 ..'wy.'w........
0x0069fc68: 00000001 00000000 00000000 0069fca0 ..............i.
0x0069fc78: 00000000 7725d285 00000000 fffffffe ......%w........
0x0069fc88: 0069fd10 00f41329 00000002 00000780 ..i.)...........
0x0069fc98: 00000438 00000000 00000000 03504900 8............IP.
0x0069fca8: 00000000 0069fcf8 0069fcfc 0069fd00 ......i...i...i.
0x0069fcb8: 0069fd08 00000438 00000780 00000000 ..i.8...........
0x0069fcc8: 03520700 03520704 0177ad50 0177ae10 ..R...R.P.w...w.
0x0069fcd8: 0069fcf0 00d55416 03520704 03520704 ..i..T....R...R.
0x0069fce8: 0177a490 0177ae10 0069fd08 00000002 ..w...w...i.....
0x0069fcf8: 00000004 00000004 00000004 03504900 .............IP.
0x0069fd08: 00000000 00d51ee7 0069fd8c 00ed0155 ..........i.U...
0x0069fd18: 00000780 00000438 00000000 00000000 ....8...........
0x0069fd28: 00000010 00000000 00000001 00000000 ................
0x0069fd38: 0aed2da0 00000000 00000000 00000000 .-..............
0x0069fd48: 00000000 00000000 03520704 00000000 ..........R.....
0x0069fd58: 00000000 00000000 00000020 0000002f ........ .../...
0x0069fd68: 00000000 00000000 00000000 00000000 ................
0x0069fd78: 00000438 00000780 00000000 00000000 8...............
0x0069fd88: 00000001 0069fea4 00f47ac5 00000000 ......i..z......
0x0069fd98: 00000000 ff03f000 034d9a8c 034c2338 ..........M.8#L.
0x0069fda8: 016d8af0 7fffffff 00000053 0000005f ..m.....S..._...
0x0069fdb8: 034c2338 034da400 0000000f 0000000f 8#L...M.........
0x0069fdc8: 7fffffff 00000000 0000000f 034c1890 ..............L.
0x0069fdd8: 6f6e6f00 6374652f 0069fe00 01206c99 .ono/etc..i..l .
0x0069fde8: 00000000 0000000f 0000000f 034da3f0 ..............M.
0x0069fdf8: 034da428 034da428 01757158 034d9a20 (.M.(.M.Xqu. .M.
0x0069fe08: 034c05a8 0069fe00 0069fe40 0000005d ..L...i.@.i.]...
0x0069fe18: 0000005f 016d8af0 006f1918 034d9b74 _.....m...o.t.M.
0x0069fe28: 00000004 0069fd64 77c0a68c 0000006c ....d.i....wl...
0x0069fe38: 0000006f 49656e69 034da400 00000000 o...ineI..M.....
0x0069fe48: 00000000 015b2ea8 00000000 0000000f ......[.........
0x0069fe58: 0069fe88 00000000 616e614d 00646567 ..i.....Managed.
0x0069fe68: 011f4e3b 00000000 00000007 0000000f ;N..............
0x0069fe78: 011f4e48 006f1918 03520600 6e6f6d2f HN....o...R./mon
0x0069fe88: 6c642e6f 0100006c 00000000 0000000f o.dll...........
0x0069fe98: 034c1890 00000000 00000000 0069febc ..L...........i.
0x0069fea8: 011bca78 00d50000 00000000 00a7380d x............8..
0x0069feb8: 0000000a 0069ff4c 011f1970 00d50000 ....L.i.p.......
0x0069fec8: 00000000 00a7380d 0000000a 7506778f .....8.......w.u
0x0069fed8: 00000000 00000000 ff03f000 00000044 ............D...
0x0069fee8: 00a71da4 00a71d84 00a71d72 00000000 ........r.......
0x0069fef8: 00000000 00000000 00000000 00000000 ................
0x0069ff08: 00000000 00000000 00000000 00000000 ................
0x0069ff18: 00000000 0069ff48 0069ff48 01202cc4 ....H.i.H.i.., .
0x0069ff28: c0000005 00000000 00000000 0069fed4 ..............i.
0x0069ff38: 0069f2f4 0069ff8c 011f3750 741bbf33 ..i...i.P7..3..t
0x0069ff48: 00000000 0069ff58 7572919f ff03f000 ....X.i...ru....
0x0069ff58: 0069ff9c 77c20bbb ff03f000 ef1a77b2 ..i....w.....w..
0x0069ff68: 00000000 00000000 ff03f000 c0000005 ................
0x0069ff78: 00000000 0069f2d8 772f9cab 0069ff64 ......i.../wd.i.
0x0069ff88: 0069f2d8 0069ffa4 77c627e1 98b183e6 ..i...i..'.w....
0x0069ff98: 00000000 0069ffac 77c20b91 ffffffff ......i....w....
0x0069ffa8: 77c0c9ce 00000000 00000000 011f19c3 ...w............
0x0069ffb8: ff03f000 00000000 00000000 00000000 ................
0x0069ffc8: 00000000 00000000 00000000 00000000 ................
0x0069ffd8: 00000000 00000000 00000000 00000000 ................
0x0069ffe8: 00000000 00000000 00000000 00000000 ................
0x0069fff8: 00000000 00000000                   ........

Module 1
C:\windows\SYSTEM32\xinput1_3.dll
Image Base: 0x00400000  Image Size: 0x00016000
File Size:  81768       File Time:  2007-04-04_175342
Version:
   Company:    Microsoft Corporation
   Product:    Microsoft® DirectX for Windows®
   FileDesc:   Microsoft Common Controller API
   FileVer:    9.18.944.0
   ProdVer:    9.18.944.0

Module 2
C:\Users\Nikhil Khanna\Documents\GitHub\VRHandStrokeTherapy\LeapMotionVRAssets_Free\test.exe
Image Base: 0x00d50000  Image Size: 0x00bb4000
File Size:  11606016    File Time:  2014-12-05_040252
Version:
   Company:    
   Product:    
   FileDesc:   
   FileVer:    4.6.1.51269
   ProdVer:    4.6.1.51269

Module 3
C:\windows\SYSTEM32\nvwgf2um.dll
Image Base: 0x05620000  Image Size: 0x00f43000
File Size:  16040184    File Time:  2014-12-13_020808
Version:
   Company:    NVIDIA Corporation
   Product:    NVIDIA D3D10 drivers
   FileDesc:   NVIDIA D3D10 Driver, Version 347.09 
   FileVer:    9.18.13.4709
   ProdVer:    9.18.13.4709

Module 4
C:\windows\system32\nvspcap.dll
Image Base: 0x10000000  Image Size: 0x0021c000
File Size:  2210040     File Time:  2014-12-12_161200
Version:
   Company:    NVIDIA Corporation
   Product:    NVIDIA GeForce Experience
   FileDesc:   NVIDIA Capture Server Proxy
   FileVer:    16.18.9.0
   ProdVer:    16.18.9.0

Module 5
C:\windows\SYSTEM32\igd10iumd32.dll
Image Base: 0x0aff0000  Image Size: 0x019a9000
File Size:  27006552    File Time:  2014-04-16_002744
Version:
   Company:    Intel Corporation
   Product:    Intel HD Graphics Drivers for Windows 8(R)
   FileDesc:   User Mode Driver for Intel(R) Graphics Technology
   FileVer:    10.18.10.3540
   ProdVer:    10.18.10.3540

Module 6
C:\Users\Nikhil Khanna\Documents\GitHub\VRHandStrokeTherapy\LeapMotionVRAssets_Free\test_Data\Mono\mono.dll
Image Base: 0x10000000  Image Size: 0x0022f000
File Size:  2101760     File Time:  2014-12-05_034222
Version:
   Company:    
   Product:    
   FileDesc:   
   FileVer:    0.0.0.0
   ProdVer:    0.0.0.0

Module 7
C:\windows\SYSTEM32\dsound.dll
Image Base: 0x50040000  Image Size: 0x00079000
File Size:  485888      File Time:  2013-08-21_195040
Version:
   Company:    Microsoft Corporation
   Product:    Microsoft® Windows® Operating System
   FileDesc:   DirectSound
   FileVer:    6.3.9600.16384
   ProdVer:    6.3.9600.16384

Module 8
C:\Users\Nikhil Khanna\Documents\GitHub\VRHandStrokeTherapy\LeapMotionVRAssets_Free\test_Data\Plugins\OculusPlugin.DLL
Image Base: 0x511c0000  Image Size: 0x000a9000
File Size:  667136      File Time:  2014-12-15_134902
Version:
   Company:    
   Product:    
   FileDesc:   
   FileVer:    0.0.0.0
   ProdVer:    0.0.0.0

Module 9
C:\windows\SYSTEM32\OVRDisplay32.dll
Image Base: 0x525c0000  Image Size: 0x00012000
File Size:  61440       File Time:  2014-12-03_130918
Version:
   Company:    Oculus VR, LLC
   Product:    Oculus Display Driver
   FileDesc:   Oculus Display Driver
   FileVer:    1.2.2.0
   ProdVer:    1.2.2.0

Module 10
C:\windows\SYSTEM32\midimap.dll
Image Base: 0x56750000  Image Size: 0x00008000
File Size:  18944       File Time:  2013-08-21_200412
Version:
   Company:    Microsoft Corporation
   Product:    Microsoft® Windows® Operating System
   FileDesc:   Microsoft MIDI Mapper
   FileVer:    6.3.9600.16384
   ProdVer:    6.3.9600.16384

Module 11
C:\windows\SYSTEM32\msacm32.drv
Image Base: 0x56760000  Image Size: 0x00009000
File Size:  22016       File Time:  2013-08-21_195914
Version:
   Company:    Microsoft Corporation
   Product:    Microsoft® Windows® Operating System
   FileDesc:   Microsoft Sound Mapper
   FileVer:    6.3.9600.16384
   ProdVer:    6.3.9600.16384

Module 12
C:\windows\SYSTEM32\AVRT.dll
Image Base: 0x56770000  Image Size: 0x00009000
File Size:  30464       File Time:  2013-08-21_212500
Version:
   Company:    Microsoft Corporation
   Product:    Microsoft® Windows® Operating System
   FileDesc:   Multimedia Realtime Runtime
   FileVer:    6.3.9600.16384
   ProdVer:    6.3.9600.16384

Module 13
C:\windows\SYSTEM32\wdmaud.drv
Image Base: 0x56780000  Image Size: 0x00034000
File Size:  187392      File Time:  2013-08-21_183626
Version:
   Company:    Microsoft Corporation
   Product:    Microsoft® Windows® Operating System
   FileDesc:   Winmm  audio system driver
   FileVer:    6.3.9600.16384
   ProdVer:    6.3.9600.16384

Module 14
C:\windows\SYSTEM32\d3d10.dll
Image Base: 0x5afa0000  Image Size: 0x00109000
File Size:  1055744     File Time:  2013-08-21_184200
Version:
   Company:    Microsoft Corporation
   Product:    Microsoft® Windows® Operating System
   FileDesc:   Direct3D 10 Runtime
   FileVer:    6.3.9600.16384
   ProdVer:    6.3.9600.16384

Module 15
C:\windows\SYSTEM32\d3d10core.dll
Image Base: 0x5b0b0000  Image Size: 0x00048000
File Size:  285696      File Time:  2013-08-21_184610
Version:
   Company:    Microsoft Corporation
   Product:    Microsoft® Windows® Operating System
   FileDesc:   Direct3D 10 Runtime
   FileVer:    6.3.9600.16384
   ProdVer:    6.3.9600.16384

Module 16
C:\windows\SYSTEM32\igdusc32.dll
Image Base: 0x5d820000  Image Size: 0x00379000
File Size:  3645112     File Time:  2014-04-16_002812
Version:
   Company:    Intel Corporation
   Product:    Intel HD Graphics Drivers for Windows 8(R)
   FileDesc:   Unified Shader Compiler for Intel(R) Graphics Accelerator
   FileVer:    10.18.10.3540
   ProdVer:    10.18.10.3540

Module 17
C:\windows\SYSTEM32\d3d11.dll
Image Base: 0x661b0000  Image Size: 0x001af000
File Size:  1779800     File Time:  2014-03-06_031314
Version:
   Company:    Microsoft Corporation
   Product:    Microsoft® Windows® Operating System
   FileDesc:   Direct3D 11 Runtime
   FileVer:    6.3.9600.17041
   ProdVer:    6.3.9600.17041

Module 18
C:\windows\SYSTEM32\OVRDisplayRT32.dll
Image Base: 0x665c0000  Image Size: 0x00015000
File Size:  74240       File Time:  2014-12-03_130920
Version:
   Company:    Oculus VR, LLC
   Product:    Oculus Display Driver
   FileDesc:   Oculus Display Driver
   FileVer:    1.2.2.0
   ProdVer:    1.2.2.0

Module 19
C:\windows\SYSTEM32\dxgi.dll
Image Base: 0x66e70000  Image Size: 0x00062000
File Size:  406400      File Time:  2014-06-12_161046
Version:
   Company:    Microsoft Corporation
   Product:    Microsoft® Windows® Operating System
   FileDesc:   DirectX Graphics Infrastructure
   FileVer:    6.3.9600.17201
   ProdVer:    6.3.9600.17201

Module 20
C:\windows\SYSTEM32\MSVCR120.dll
Image Base: 0x67480000  Image Size: 0x000ee000
File Size:  970912      File Time:  2013-10-05_013822
Version:
   Company:    Microsoft Corporation
   Product:    Microsoft® Visual Studio® 2013
   FileDesc:   Microsoft® C Runtime Library
   FileVer:    12.0.21005.1
   ProdVer:    12.0.21005.1

Module 21
C:\windows\SYSTEM32\GLU32.dll
Image Base: 0x67730000  Image Size: 0x00024000
File Size:  136704      File Time:  2013-08-21_200600
Version:
   Company:    Microsoft Corporation
   Product:    Microsoft® Windows® Operating System
   FileDesc:   OpenGL Utility Library DLL
   FileVer:    6.3.9600.16384
   ProdVer:    6.3.9600.16384

Module 22
C:\windows\SYSTEM32\OPENGL32.dll
Image Base: 0x67760000  Image Size: 0x000d4000
File Size:  737280      File Time:  2013-08-21_200322
Version:
   Company:    Microsoft Corporation
   Product:    Microsoft® Windows® Operating System
   FileDesc:   OpenGL Client DLL
   FileVer:    6.3.9600.16384
   ProdVer:    6.3.9600.16384

Module 23
C:\windows\SYSTEM32\MSVCP120.dll
Image Base: 0x67c60000  Image Size: 0x00071000
File Size:  455328      File Time:  2013-10-05_013822
Version:
   Company:    Microsoft Corporation
   Product:    Microsoft® Visual Studio® 2013
   FileDesc:   Microsoft® C Runtime Library
   FileVer:    12.0.21005.1
   ProdVer:    12.0.21005.1

Module 24
C:\windows\SYSTEM32\MSACM32.dll
Image Base: 0x695c0000  Image Size: 0x00015000
File Size:  86192       File Time:  2013-08-21_211924
Version:
   Company:    Microsoft Corporation
   Product:    Microsoft® Windows® Operating System
   FileDesc:   Microsoft ACM Audio Filter
   FileVer:    6.3.9600.16384
   ProdVer:    6.3.9600.16384

Module 25
C:\windows\SYSTEM32\DDRAW.dll
Image Base: 0x69be0000  Image Size: 0x000e7000
File Size:  527872      File Time:  2013-08-21_183332
Version:
   Company:    Microsoft Corporation
   Product:    Microsoft® Windows® Operating System
   FileDesc:   Microsoft DirectDraw
   FileVer:    6.3.9600.16384
   ProdVer:    6.3.9600.16384

Module 26
C:\windows\SYSTEM32\MMDevAPI.DLL
Image Base: 0x6bdc0000  Image Size: 0x0004a000
File Size:  296448      File Time:  2014-03-18_015450
Version:
   Company:    Microsoft Corporation
   Product:    Microsoft® Windows® Operating System
   FileDesc:   MMDevice API
   FileVer:    6.3.9600.17031
   ProdVer:    6.3.9600.17031

Module 27
C:\windows\SYSTEM32\powrprof.dll
Image Base: 0x6be10000  Image Size: 0x0003e000
File Size:  251504      File Time:  2014-03-18_015508
Version:
   Company:    Microsoft Corporation
   Product:    Microsoft® Windows® Operating System
   FileDesc:   Power Profile Helper DLL
   FileVer:    6.3.9600.17031
   ProdVer:    6.3.9600.17031

Module 28
C:\windows\SYSTEM32\AUDIOSES.DLL
Image Base: 0x6be50000  Image Size: 0x00060000
File Size:  370424      File Time:  2014-10-06_193404
Version:
   Company:    Microsoft Corporation
   Product:    Microsoft® Windows® Operating System
   FileDesc:   Audio Session
   FileVer:    6.3.9600.17393
   ProdVer:    6.3.9600.17393

Module 29
C:\windows\SYSTEM32\NTASN1.dll
Image Base: 0x6e270000  Image Size: 0x0002b000
File Size:  171472      File Time:  2013-08-21_212932
Version:
   Company:    Microsoft Corporation
   Product:    Microsoft® Windows® Operating System
   FileDesc:   Microsoft ASN.1 API
   FileVer:    6.3.9600.16384
   ProdVer:    6.3.9600.16384

Module 30
C:\windows\SYSTEM32\ncrypt.dll
Image Base: 0x6e2a0000  Image Size: 0x0001c000
File Size:  113072      File Time:  2013-08-21_212930
Version:
   Company:    Microsoft Corporation
   Product:    Microsoft® Windows® Operating System
   FileDesc:   Windows NCrypt Router
   FileVer:    6.3.9600.16384
   ProdVer:    6.3.9600.16384

Module 31
C:\windows\SYSTEM32\DCIMAN32.dll
Image Base: 0x6e630000  Image Size: 0x00007000
File Size:  11264       File Time:  2013-08-21_200606
Version:
   Company:    Microsoft Corporation
   Product:    Microsoft® Windows® Operating System
   FileDesc:   DCI Manager
   FileVer:    6.3.9600.16384
   ProdVer:    6.3.9600.16384

Module 32
C:\windows\system32\uxtheme.dll
Image Base: 0x6e6c0000  Image Size: 0x000db000
File Size:  876544      File Time:  2014-03-18_015510
Version:
   Company:    Microsoft Corporation
   Product:    Microsoft® Windows® Operating System
   FileDesc:   Microsoft UxTheme Library
   FileVer:    6.3.9600.17031
   ProdVer:    6.3.9600.17031

Module 33
C:\windows\SYSTEM32\HID.DLL
Image Base: 0x6e7b0000  Image Size: 0x0000a000
File Size:  25600       File Time:  2013-08-21_185446
Version:
   Company:    Microsoft Corporation
   Product:    Microsoft® Windows® Operating System
   FileDesc:   Hid User Library
   FileVer:    6.3.9600.16384
   ProdVer:    6.3.9600.16384

Module 34
C:\windows\SYSTEM32\dwmapi.dll
Image Base: 0x6fb70000  Image Size: 0x00018000
File Size:  98048       File Time:  2014-07-24_055008
Version:
   Company:    Microsoft Corporation
   Product:    Microsoft® Windows® Operating System
   FileDesc:   Microsoft Desktop Window Manager API
   FileVer:    6.3.9600.17238
   ProdVer:    6.3.9600.17238

Module 35
C:\windows\SYSTEM32\d3d9.dll
Image Base: 0x6fb90000  Image Size: 0x001b8000
File Size:  1797896     File Time:  2014-04-14_000846
Version:
   Company:    Microsoft Corporation
   Product:    Microsoft® Windows® Operating System
   FileDesc:   Direct3D 9 Runtime
   FileVer:    6.3.9600.17095
   ProdVer:    6.3.9600.17095

Module 36
C:\windows\SYSTEM32\ksuser.dll
Image Base: 0x6fd50000  Image Size: 0x00007000
File Size:  18616       File Time:  2013-08-21_211914
Version:
   Company:    Microsoft Corporation
   Product:    Microsoft® Windows® Operating System
   FileDesc:   User CSA Library
   FileVer:    6.3.9600.16384
   ProdVer:    6.3.9600.16384

Module 37
C:\windows\SYSTEM32\DNSAPI.dll
Image Base: 0x6fde0000  Image Size: 0x0007c000
File Size:  494592      File Time:  2014-03-03_224242
Version:
   Company:    Microsoft Corporation
   Product:    Microsoft® Windows® Operating System
   FileDesc:   DNS Client API DLL
   FileVer:    6.3.9600.17039
   ProdVer:    6.3.9600.17039

Module 38
C:\Program Files (x86)\AVG\AVG2015\avghookx.dll
Image Base: 0x72230000  Image Size: 0x0007b000
File Size:  482968      File Time:  2014-12-18_094112
Version:
   Company:    AVG Technologies CZ, s.r.o.
   Product:    AVG Internet Security
   FileDesc:   None
   FileVer:    15.0.0.5645
   ProdVer:    15.0.0.5645

Module 39
C:\windows\SYSTEM32\bcrypt.dll
Image Base: 0x72950000  Image Size: 0x0001d000
File Size:  109056      File Time:  2014-03-18_015512
Version:
   Company:    Microsoft Corporation
   Product:    Microsoft® Windows® Operating System
   FileDesc:   Windows Cryptographic Primitives Library
   FileVer:    6.3.9600.17031
   ProdVer:    6.3.9600.17031

Module 40
C:\windows\SYSTEM32\dbghelp.dll
Image Base: 0x73390000  Image Size: 0x00148000
File Size:  1238016     File Time:  2014-03-18_015526
Version:
   Company:    Microsoft Corporation
   Product:    Microsoft® Windows® Operating System
   FileDesc:   Windows Image Helper
   FileVer:    6.3.9600.16520
   ProdVer:    6.3.9600.16520

Module 41
C:\windows\system32\apphelp.dll
Image Base: 0x737a0000  Image Size: 0x00099000
File Size:  617472      File Time:  2014-03-18_015510
Version:
   Company:    Microsoft Corporation
   Product:    Microsoft® Windows® Operating System
   FileDesc:   Application Compatibility Client Library
   FileVer:    6.3.9600.17031
   ProdVer:    6.3.9600.17031

Module 42
C:\windows\SYSTEM32\MSWSOCK.dll
Image Base: 0x73f70000  Image Size: 0x00045000
File Size:  270848      File Time:  2013-08-21_185526
Version:
   Company:    Microsoft Corporation
   Product:    Microsoft® Windows® Operating System
   FileDesc:   Microsoft Windows Sockets 2.0 Service Provider
   FileVer:    6.3.9600.16384
   ProdVer:    6.3.9600.16384

Module 43
C:\windows\SYSTEM32\WINHTTP.dll
Image Base: 0x73fc0000  Image Size: 0x00094000
File Size:  589312      File Time:  2013-08-21_183910
Version:
   Company:    Microsoft Corporation
   Product:    Microsoft® Windows® Operating System
   FileDesc:   Windows HTTP Services
   FileVer:    6.3.9600.16384
   ProdVer:    6.3.9600.16384

Module 44
C:\windows\SYSTEM32\WINMMBASE.dll
Image Base: 0x74140000  Image Size: 0x00020000
File Size:  127544      File Time:  2014-03-24_172048
Version:
   Company:    Microsoft Corporation
   Product:    Microsoft® Windows® Operating System
   FileDesc:   Base Multimedia Extension API DLL
   FileVer:    6.3.9600.17080
   ProdVer:    6.3.9600.17080

Module 45
C:\windows\SYSTEM32\WINNSI.DLL
Image Base: 0x74160000  Image Size: 0x00008000
File Size:  25824       File Time:  2013-08-22_052538
Version:
   Company:    Microsoft Corporation
   Product:    Microsoft® Windows® Operating System
   FileDesc:   Network Store Information RPC interface
   FileVer:    6.3.9600.16384
   ProdVer:    6.3.9600.16384

Module 46
C:\windows\SYSTEM32\WINMM.dll
Image Base: 0x74170000  Image Size: 0x00020000
File Size:  128568      File Time:  2014-03-24_172046
Version:
   Company:    Microsoft Corporation
   Product:    Microsoft® Windows® Operating System
   FileDesc:   MCI API DLL
   FileVer:    6.3.9600.17078
   ProdVer:    6.3.9600.17078

Module 47
C:\windows\SYSTEM32\IPHLPAPI.DLL
Image Base: 0x74190000  Image Size: 0x0001e000
File Size:  118776      File Time:  2013-08-21_211754
Version:
   Company:    Microsoft Corporation
   Product:    Microsoft® Windows® Operating System
   FileDesc:   IP Helper API
   FileVer:    6.3.9600.16384
   ProdVer:    6.3.9600.16384

Module 48
C:\windows\SYSTEM32\shcore.dll
Image Base: 0x74750000  Image Size: 0x00076000
File Size:  477200      File Time:  2014-07-24_054652
Version:
   Company:    Microsoft Corporation
   Product:    Microsoft® Windows® Operating System
   FileDesc:   SHCORE
   FileVer:    6.3.9600.17238
   ProdVer:    6.3.9600.17238

Module 49
C:\windows\SYSTEM32\ntmarta.dll
Image Base: 0x75480000  Image Size: 0x00025000
File Size:  147152      File Time:  2013-08-21_212930
Version:
   Company:    Microsoft Corporation
   Product:    Microsoft® Windows® Operating System
   FileDesc:   Windows NT MARTA provider
   FileVer:    6.3.9600.16384
   ProdVer:    6.3.9600.16384

Module 50
C:\windows\SYSTEM32\DEVOBJ.dll
Image Base: 0x754b0000  Image Size: 0x0001f000
File Size:  123416      File Time:  2013-08-21_213142
Version:
   Company:    Microsoft Corporation
   Product:    Microsoft® Windows® Operating System
   FileDesc:   Device Information Set DLL
   FileVer:    6.3.9600.16384
   ProdVer:    6.3.9600.16384

Module 51
C:\windows\SYSTEM32\kernel.appcore.dll
Image Base: 0x754d0000  Image Size: 0x00009000
File Size:  29952       File Time:  2013-08-21_213142
Version:
   Company:    Microsoft Corporation
   Product:    Microsoft® Windows® Operating System
   FileDesc:   AppModel API Host
   FileVer:    6.3.9600.16384
   ProdVer:    6.3.9600.16384

Module 52
C:\windows\SYSTEM32\VERSION.dll
Image Base: 0x75550000  Image Size: 0x00008000
File Size:  25824       File Time:  2013-08-21_212540
Version:
   Company:    Microsoft Corporation
   Product:    Microsoft® Windows® Operating System
   FileDesc:   Version Checking and File Installation Libraries
   FileVer:    6.3.9600.16384
   ProdVer:    6.3.9600.16384

Module 53
C:\windows\SYSTEM32\bcryptPrimitives.dll
Image Base: 0x75560000  Image Size: 0x00052000
File Size:  335680      File Time:  2014-05-10_004646
Version:
   Company:    Microsoft Corporation
   Product:    Microsoft® Windows® Operating System
   FileDesc:   Windows Cryptographic Primitives Library
   FileVer:    6.3.9600.17120
   ProdVer:    6.3.9600.17120

Module 54
C:\windows\SYSTEM32\CRYPTBASE.dll
Image Base: 0x755c0000  Image Size: 0x00009000
File Size:  30472       File Time:  2013-08-21_211756
Version:
   Company:    Microsoft Corporation
   Product:    Microsoft® Windows® Operating System
   FileDesc:   Base cryptographic API DLL
   FileVer:    6.3.9600.16384
   ProdVer:    6.3.9600.16384

Module 55
C:\windows\SYSTEM32\SspiCli.dll
Image Base: 0x755d0000  Image Size: 0x0001d000
File Size:  101376      File Time:  2014-03-18_015510
Version:
   Company:    Microsoft Corporation
   Product:    Microsoft® Windows® Operating System
   FileDesc:   Security Support Provider Interface
   FileVer:    6.3.9600.16408
   ProdVer:    6.3.9600.16408

Module 56
C:\windows\SYSTEM32\GDI32.dll
Image Base: 0x755f0000  Image Size: 0x00107000
File Size:  1064448     File Time:  2014-08-01_195610
Version:
   Company:    Microsoft Corporation
   Product:    Microsoft® Windows® Operating System
   FileDesc:   GDI Client DLL
   FileVer:    6.3.9600.17246
   ProdVer:    6.3.9600.17246

Module 57
C:\windows\SYSTEM32\KERNEL32.DLL
Image Base: 0x75710000  Image Size: 0x00140000
File Size:  1036288     File Time:  2014-03-19_155526
Version:
   Company:    Microsoft Corporation
   Product:    Microsoft® Windows® Operating System
   FileDesc:   Windows NT BASE API Client DLL
   FileVer:    6.3.9600.17056
   ProdVer:    6.3.9600.17056

Module 58
C:\windows\SYSTEM32\combase.dll
Image Base: 0x75850000  Image Size: 0x0014e000
File Size:  1374384     File Time:  2014-03-18_015512
Version:
   Company:    Microsoft Corporation
   Product:    Microsoft® Windows® Operating System
   FileDesc:   Microsoft COM for Windows
   FileVer:    6.3.9600.17031
   ProdVer:    6.3.9600.17031

Module 59
C:\windows\SYSTEM32\USER32.dll
Image Base: 0x759a0000  Image Size: 0x0014c000
File Size:  1346048     File Time:  2014-09-18_161634
Version:
   Company:    Microsoft Corporation
   Product:    Microsoft® Windows® Operating System
   FileDesc:   Multi-User Windows USER API Client DLL
   FileVer:    6.3.9600.17344
   ProdVer:    6.3.9600.17344

Module 60
C:\windows\SYSTEM32\cfgmgr32.dll
Image Base: 0x75b00000  Image Size: 0x0003a000
File Size:  237032      File Time:  2013-08-21_213142
Version:
   Company:    Microsoft Corporation
   Product:    Microsoft® Windows® Operating System
   FileDesc:   Configuration Manager DLL
   FileVer:    6.3.9600.16384
   ProdVer:    6.3.9600.16384

Module 61
C:\windows\SYSTEM32\ADVAPI32.dll
Image Base: 0x75c00000  Image Size: 0x00078000
File Size:  490136      File Time:  2014-03-18_015450
Version:
   Company:    Microsoft Corporation
   Product:    Microsoft® Windows® Operating System
   FileDesc:   Advanced Windows 32 Base API
   FileVer:    6.3.9600.17031
   ProdVer:    6.3.9600.17031

Module 62
C:\windows\SYSTEM32\RPCRT4.dll
Image Base: 0x75c80000  Image Size: 0x000b0000
File Size:  710144      File Time:  2014-06-19_155216
Version:
   Company:    Microsoft Corporation
   Product:    Microsoft® Windows® Operating System
   FileDesc:   Remote Procedure Call Runtime
   FileVer:    6.3.9600.17216
   ProdVer:    6.3.9600.17216

Module 63
C:\windows\SYSTEM32\SETUPAPI.dll
Image Base: 0x75d30000  Image Size: 0x001ad000
File Size:  1767440     File Time:  2014-03-18_015510
Version:
   Company:    Microsoft Corporation
   Product:    Microsoft® Windows® Operating System
   FileDesc:   Windows Setup API
   FileVer:    6.3.9600.17031
   ProdVer:    6.3.9600.17031

Module 64
C:\windows\SYSTEM32\SHELL32.dll
Image Base: 0x75ee0000  Image Size: 0x011b7000
File Size:  18723112    File Time:  2014-08-30_145914
Version:
   Company:    Microsoft Corporation
   Product:    Microsoft® Windows® Operating System
   FileDesc:   Windows Shell Common Dll
   FileVer:    6.3.9600.17331
   ProdVer:    6.3.9600.17331

Module 65
C:\windows\SYSTEM32\NSI.dll
Image Base: 0x77230000  Image Size: 0x00007000
File Size:  19640       File Time:  2013-08-22_052538
Version:
   Company:    Microsoft Corporation
   Product:    Microsoft® Windows® Operating System
   FileDesc:   NSI User-mode interface DLL
   FileVer:    6.3.9600.16384
   ProdVer:    6.3.9600.16384

Module 66
C:\windows\SYSTEM32\KERNELBASE.dll
Image Base: 0x77240000  Image Size: 0x000d0000
File Size:  838144      File Time:  2014-08-15_173118
Version:
   Company:    Microsoft Corporation
   Product:    Microsoft® Windows® Operating System
   FileDesc:   Windows NT BASE API Client DLL
   FileVer:    6.3.9600.17278
   ProdVer:    6.3.9600.17278

Module 67
C:\windows\SYSTEM32\OLEAUT32.dll
Image Base: 0x77310000  Image Size: 0x00095000
File Size:  602768      File Time:  2014-10-16_225846
Version:
   Company:    Microsoft Corporation
   Product:    
   FileDesc:   
   FileVer:    6.3.9600.17403
   ProdVer:    6.3.9600.17403

Module 68
C:\windows\SYSTEM32\ole32.dll
Image Base: 0x77440000  Image Size: 0x0010c000
File Size:  1095488     File Time:  2014-03-08_033454
Version:
   Company:    Microsoft Corporation
   Product:    Microsoft® Windows® Operating System
   FileDesc:   Microsoft OLE for Windows
   FileVer:    6.3.9600.17042
   ProdVer:    6.3.9600.17042

Module 69
C:\windows\SYSTEM32\SHLWAPI.dll
Image Base: 0x77560000  Image Size: 0x00041000
File Size:  263872      File Time:  2013-08-21_212538
Version:
   Company:    Microsoft Corporation
   Product:    Microsoft® Windows® Operating System
   FileDesc:   Shell Light-weight Utility Library
   FileVer:    6.3.9600.16384
   ProdVer:    6.3.9600.16384

Module 70
C:\windows\SYSTEM32\clbcatq.dll
Image Base: 0x77640000  Image Size: 0x0007d000
File Size:  508680      File Time:  2013-08-21_212144
Version:
   Company:    Microsoft Corporation
   Product:    Microsoft® Windows® Operating System
   FileDesc:   COM+ Configuration Catalog
   FileVer:    2001.12.10530.16384
   ProdVer:    6.3.9600.16384

Module 71
C:\windows\SYSTEM32\MSCTF.dll
Image Base: 0x77700000  Image Size: 0x000f7000
File Size:  1017936     File Time:  2014-03-18_015448
Version:
   Company:    Microsoft Corporation
   Product:    Microsoft® Windows® Operating System
   FileDesc:   MSCTF Server DLL
   FileVer:    6.3.9600.17031
   ProdVer:    6.3.9600.17031

Module 72
C:\windows\SYSTEM32\sechost.dll
Image Base: 0x77800000  Image Size: 0x0003e000
File Size:  252024      File Time:  2013-08-21_211756
Version:
   Company:    Microsoft Corporation
   Product:    Microsoft® Windows® Operating System
   FileDesc:   Host for SCM/SDDL/LSA Lookup APIs
   FileVer:    6.3.9600.16384
   ProdVer:    6.3.9600.16384

Module 73
C:\windows\SYSTEM32\WS2_32.dll
Image Base: 0x77840000  Image Size: 0x0004d000
File Size:  313488      File Time:  2013-08-21_211756
Version:
   Company:    Microsoft Corporation
   Product:    Microsoft® Windows® Operating System
   FileDesc:   Windows Socket 2.0 32-Bit DLL
   FileVer:    6.3.9600.16384
   ProdVer:    6.3.9600.16384

Module 74
C:\windows\SYSTEM32\PSAPI.DLL
Image Base: 0x779e0000  Image Size: 0x00006000
File Size:  16024       File Time:  2013-08-21_213142
Version:
   Company:    Microsoft Corporation
   Product:    Microsoft® Windows® Operating System
   FileDesc:   Process Status Helper
   FileVer:    6.3.9600.16384
   ProdVer:    6.3.9600.16384

Module 75
C:\windows\SYSTEM32\msvcrt.dll
Image Base: 0x779f0000  Image Size: 0x000be000
File Size:  780408      File Time:  2013-08-21_212104
Version:
   Company:    Microsoft Corporation
   Product:    Microsoft® Windows® Operating System
   FileDesc:   Windows NT CRT DLL
   FileVer:    7.0.9600.16384
   ProdVer:    6.1.8638.16384

Module 76
C:\windows\SYSTEM32\IMM32.dll
Image Base: 0x77ab0000  Image Size: 0x00025000
File Size:  137728      File Time:  2014-03-18_015448
Version:
   Company:    Microsoft Corporation
   Product:    Microsoft® Windows® Operating System
   FileDesc:   Multi-User Windows IMM32 API Client DLL
   FileVer:    6.3.9600.17031
   ProdVer:    6.3.9600.17031

Module 77
C:\windows\SYSTEM32\ntdll.dll
Image Base: 0x77bd0000  Image Size: 0x00167000
File Size:  1467384     File Time:  2014-08-15_190352
Version:
   Company:    Microsoft Corporation
   Product:    Microsoft® Windows® Operating System
   FileDesc:   NT Layer DLL
   FileVer:    6.3.9600.17278
   ProdVer:    6.3.9600.17278


== [end of error.log] ==
